10:33:25:3325 [important] [features-3-thread-1] WARN  - InfoSource version is empty in getMajorMinorVersion()
10:33:25:3325 [important] [features-3-thread-1] WARN  - InfoSource version not found!! skipping relevant version checks
10:33:26:3326 [important] [features-3-thread-1] INFO  - xmsim gcc version is 12.4.0
10:33:26:3326 [important] [features-3-thread-1] INFO  - indago gcc version is 12.4.0
10:33:26:3326 [important] [TangoTaskManager-3] WARN  - An Indago Snapshot/LWD was not loaded. Scripting API functionality may be impacted.
10:33:27:3327 [com.cadence.smartlog.bl.common.SLUtils] [TangoTaskManager-5] INFO  - query: 
10:33:34:3334 [user_actions] [AWT-EventQueue-1] DEBUG - refreshSchematicAttributes (SchematicActionsManager$28)

10:33:34:3334 [user_actions] [AWT-EventQueue-1] DEBUG - LiveSimulationRefreshWaveform (GSLLiveSimulationRefreshWaveformAction)

10:33:34:3334 [user_actions] [AWT-EventQueue-1] DEBUG - LiveSimulationRefreshWaveform (GSLLiveSimulationRefreshWaveformAction)

10:33:34:3334 [user_actions] [AWT-EventQueue-1] DEBUG - LiveSimulationRefreshWaveform (GSLLiveSimulationRefreshWaveformAction)

10:33:34:3334 [user_actions] [AWT-EventQueue-1] DEBUG - LiveSimulationRefreshWaveform (GSLLiveSimulationRefreshWaveformAction)

10:33:34:3334 [user_actions] [AWT-EventQueue-1] DEBUG - LiveSimulationRefreshWaveform (GSLLiveSimulationRefreshWaveformAction)

10:34:26:3426 [important] [TangoTaskManager-3] WARN  - python scripts are waiting to start for 60 seconds guiReady=false simulatorReady=true consoleActiveSvc is not null consoleActiveSvc.consoleActive() =true
10:35:03:353 [user_actions] [AWT-EventQueue-1] DEBUG - Restore defaults (GUFIQuestionDialog$1)
	dialog = restoreLayoutsDialog (GUFIQuestionDialog)

10:35:03:353 [important] [TangoTaskManager-3] INFO  - ScriptingActivator while loop has finished
10:35:04:354 [user_actions] [AWT-EventQueue-1] DEBUG - refreshSchematicAttributes (SchematicActionsManager$28)

10:35:06:356 [user_actions] [AWT-EventQueue-1] DEBUG - run (GSLInteractiveRunPanel$5)

10:35:06:356 [user_actions] [AWT-EventQueue-1] DEBUG - RUN_FORWARD (GSLDebugStepAction)

10:35:06:356 [user_actions] [AWT-EventQueue-1] DEBUG - LiveSimulationRefreshWaveform (GSLLiveSimulationRefreshWaveformAction)

10:35:41:3541 [user_actions] [AWT-EventQueue-1] DEBUG - sendToWaveformActionSet (GSLSendToWaveActionSet)
	source = designTopsTreeTable_topsSignalsTreeTable
	entity = controller_array_tb.clk

10:35:54:3554 [user_actions] [AWT-EventQueue-1] DEBUG - showIdentifierSource (GSLShowDeclarationSourceAction)
	source = designTopsTreeTable_topsSignalsTreeTable
	entity = controller_array_tb.start

10:35:57:3557 [user_actions] [AWT-EventQueue-1] DEBUG - sendToWaveformActionSet (GSLSendToWaveActionSet)
	source = designTopsTreeTable_topsSignalsTreeTable
	entity = controller_array_tb.start

10:36:06:366 [user_actions] [AWT-EventQueue-1] DEBUG - sendToWaveformActionSet (GSLSendToWaveActionSet)
	source = designTopsTreeTable_topsSignalsTreeTable
	entity = controller_array_tb.done

10:36:18:3618 [user_actions] [AWT-EventQueue-1] DEBUG - sendToWaveformActionSet (GSLSendToWaveActionSet)
	source = designTopsTreeTable_topsSignalsTreeTable
	entity = controller_array_tb.u_ctrl.state[3:0]

10:37:14:3714 [user_actions] [AWT-EventQueue-1] DEBUG - sendToWaveformActionSet (GSLSendToWaveActionSet)
	source = designTopsTreeTable_topsSignalsTreeTable
	entity = controller_array_tb.a_addr[3:0]

10:37:54:3754 [user_actions] [AWT-EventQueue-1] DEBUG - sendToWaveformActionSet (GSLSendToWaveActionSet)
	source = designTopsTreeTable_topsSignalsTreeTable
	entity = controller_array_tb.u_ctrl.load_cnt[4:0]

10:38:42:3842 [user_actions] [AWT-EventQueue-1] DEBUG - sendToWaveformActionSet (GSLSendToWaveActionSet)
	source = designTopsTreeTable_topsSignalsTreeTable
	entity = controller_array_tb.a_dout[15:0]

10:38:46:3846 [user_actions] [AWT-EventQueue-1] DEBUG - dndaction (GUFITransferHandler$DnDAction)
	source = WAVEFORMTreeTable (GTXWaveTreeTable)
	target = WAVEFORMTreeTable (GTXWaveTreeTable)
	entity = controller_array_tb.a_dout[15:0]

10:38:51:3851 [user_actions] [AWT-EventQueue-1] DEBUG - sendToWaveformActionSet (GSLSendToWaveActionSet)
	source = designTopsTreeTable_topsSignalsTreeTable
	entity = controller_array_tb.b_addr[3:0]

10:38:58:3858 [user_actions] [AWT-EventQueue-1] DEBUG - sendToWaveformActionSet (GSLSendToWaveActionSet)
	source = designTopsTreeTable_topsSignalsTreeTable
	entity = controller_array_tb.b_dout[15:0]

10:39:11:3911 [user_actions] [AWT-EventQueue-1] DEBUG - Zoom Full (ZoomAction)
	selected = controller_array_tb.b_dout[15:0]

10:39:13:3913 [user_actions] [AWT-EventQueue-1] DEBUG - Zoom In (ZoomAction)
	selected = controller_array_tb.b_dout[15:0]

10:39:13:3913 [user_actions] [AWT-EventQueue-1] DEBUG - Zoom In (ZoomAction)
	selected = controller_array_tb.b_dout[15:0]

10:39:15:3915 [user_actions] [AWT-EventQueue-1] DEBUG - Zoom Out (ZoomAction)
	selected = controller_array_tb.b_dout[15:0]

10:39:26:3926 [user_actions] [AWT-EventQueue-1] DEBUG - Zoom Out (ZoomAction)
	selected[0] = 

10:39:27:3927 [user_actions] [AWT-EventQueue-1] DEBUG - Zoom Out (ZoomAction)
	selected[0] = 

10:39:32:3932 [user_actions] [AWT-EventQueue-1] DEBUG - Zoom In (ZoomAction)
	selected[0] = 

10:39:33:3933 [user_actions] [AWT-EventQueue-1] DEBUG - Zoom In (ZoomAction)
	selected[0] = 

10:40:53:4053 [user_actions] [AWT-EventQueue-1] DEBUG - showInstTypeDeclaration (GSLShowInstTypeDeclaration)
	source = designTopsTreeTable
	entity = controller_array_tb

10:41:03:413 [user_actions] [AWT-EventQueue-1] DEBUG - sendToWaveformActionSet (GSLSendToWaveActionSet)
	source = designTopsTreeTable_topsSignalsTreeTable
	entity = controller_array_tb.a_din[15:0]

10:41:26:4126 [user_actions] [AWT-EventQueue-1] DEBUG - Zoom In (ZoomAction)
	selected = controller_array_tb.a_din[15:0]

10:41:42:4142 [user_actions] [AWT-EventQueue-1] DEBUG - Zoom Out (ZoomAction)
	selected = controller_array_tb.a_din[15:0]

10:42:28:4228 [user_actions] [AWT-EventQueue-1] DEBUG - sendToWaveformActionSet (GSLSendToWaveActionSet)
	source = designTopsTreeTable_topsSignalsTreeTable
	entity = controller_array_tb.c_din[31:0]

10:42:32:4232 [user_actions] [AWT-EventQueue-1] DEBUG - sendToWaveformActionSet (GSLSendToWaveActionSet)
	source = designTopsTreeTable_topsSignalsTreeTable
	entity = controller_array_tb.c_dout[31:0]

10:42:39:4239 [user_actions] [AWT-EventQueue-1] DEBUG - Zoom Out (ZoomAction)
	selected = controller_array_tb.c_dout[31:0]

10:42:40:4240 [user_actions] [AWT-EventQueue-1] DEBUG - Zoom Out (ZoomAction)
	selected = controller_array_tb.c_dout[31:0]

10:42:45:4245 [user_actions] [AWT-EventQueue-1] DEBUG - Zoom Out (ZoomAction)
	selected = controller_array_tb.c_dout[31:0]

10:43:01:431 [user_actions] [AWT-EventQueue-1] DEBUG - Zoom Full (ZoomAction)
	selected = controller_array_tb.c_dout[31:0]

10:43:03:433 [user_actions] [AWT-EventQueue-1] DEBUG - Zoom In (ZoomAction)
	selected = controller_array_tb.c_dout[31:0]

10:48:13:4813 [user_actions] [AWT-EventQueue-1] DEBUG - sendToWaveformActionSet (GSLSendToWaveActionSet)
	source = designTopsTreeTable_topsSignalsTreeTable
	entity = controller_array_tb.c_out[0:3]

10:48:17:4817 [user_actions] [AWT-EventQueue-1] DEBUG - Delete_Backspace (RemoveSignalsAction)
	selected = controller_array_tb.c_dout[31:0]

10:48:47:4847 [user_actions] [AWT-EventQueue-1] DEBUG - Zoom Full (ZoomAction)
	selected[0] = 

10:48:57:4857 [user_actions] [AWT-EventQueue-1] DEBUG - Zoom In (ZoomAction)
	selected[0] = 

10:48:58:4858 [user_actions] [AWT-EventQueue-1] DEBUG - Zoom In (ZoomAction)
	selected[0] = 

10:48:59:4859 [user_actions] [AWT-EventQueue-1] DEBUG - Zoom Out (ZoomAction)
	selected[0] = 

10:49:12:4912 [user_actions] [AWT-EventQueue-1] DEBUG - Zoom Full (ZoomAction)
	selected[0] = 

10:49:16:4916 [user_actions] [AWT-EventQueue-1] DEBUG - Zoom Full (ZoomAction)
	selected[0] = 

10:49:22:4922 [user_actions] [AWT-EventQueue-1] DEBUG - Zoom In (ZoomAction)
	selected[0] = 

10:49:23:4923 [user_actions] [AWT-EventQueue-1] DEBUG - Zoom In (ZoomAction)
	selected[0] = 

10:49:23:4923 [user_actions] [AWT-EventQueue-1] DEBUG - Zoom In (ZoomAction)
	selected[0] = 

11:52:49:5249 [user_actions] [AWT-EventQueue-1] DEBUG - Hide (GUFIDockableFrame$1)

11:52:52:5252 [user_actions] [AWT-EventQueue-1] DEBUG - OK (GUFIQuestionDialog$1)
	dialog = confirmExitDlg (GUFIQuestionDialog)

