16:21:18:2118 [important] [features-3-thread-1] WARN  - InfoSource version is empty in getMajorMinorVersion()
16:21:18:2118 [important] [features-3-thread-1] WARN  - InfoSource version not found!! skipping relevant version checks
16:21:19:2119 [important] [features-3-thread-1] INFO  - xmsim gcc version is 12.4.0
16:21:19:2119 [important] [features-3-thread-1] INFO  - indago gcc version is 12.4.0
16:21:19:2119 [important] [TangoTaskManager-3] WARN  - An Indago Snapshot/LWD was not loaded. Scripting API functionality may be impacted.
16:21:20:2120 [com.cadence.smartlog.bl.common.SLUtils] [TangoTaskManager-5] INFO  - query: 
16:21:28:2128 [user_actions] [AWT-EventQueue-0] DEBUG - refreshSchematicAttributes (SchematicActionsManager$28)

16:21:28:2128 [user_actions] [AWT-EventQueue-0] DEBUG - LiveSimulationRefreshWaveform (GSLLiveSimulationRefreshWaveformAction)

16:21:28:2128 [user_actions] [AWT-EventQueue-0] DEBUG - LiveSimulationRefreshWaveform (GSLLiveSimulationRefreshWaveformAction)

16:21:28:2128 [user_actions] [AWT-EventQueue-0] DEBUG - LiveSimulationRefreshWaveform (GSLLiveSimulationRefreshWaveformAction)

16:21:28:2128 [user_actions] [AWT-EventQueue-0] DEBUG - LiveSimulationRefreshWaveform (GSLLiveSimulationRefreshWaveformAction)

16:21:28:2128 [user_actions] [AWT-EventQueue-0] DEBUG - LiveSimulationRefreshWaveform (GSLLiveSimulationRefreshWaveformAction)

16:21:39:2139 [user_actions] [AWT-EventQueue-0] DEBUG - Keep current (GUFIQuestionDialog$1)
	dialog = restoreLayoutsDialog (GUFIQuestionDialog)

16:21:39:2139 [important] [TangoTaskManager-3] INFO  - ScriptingActivator while loop has finished
16:21:40:2140 [user_actions] [AWT-EventQueue-0] DEBUG - refreshSchematicAttributes (SchematicActionsManager$28)

16:22:00:220 [user_actions] [AWT-EventQueue-0] DEBUG - sendToWaveformActionSet (GSLSendToWaveActionSet)
	source = designTopsTreeTable_topsSignalsTreeTable
	entity = matrix_bram_tb.dut.clk

16:22:04:224 [user_actions] [AWT-EventQueue-0] DEBUG - run (GSLInteractiveRunPanel$5)

16:22:04:224 [user_actions] [AWT-EventQueue-0] DEBUG - RUN_FORWARD (GSLDebugStepAction)

16:22:04:224 [user_actions] [AWT-EventQueue-0] DEBUG - LiveSimulationRefreshWaveform (GSLLiveSimulationRefreshWaveformAction)

16:22:05:225 [user_actions] [AWT-EventQueue-0] DEBUG - LiveSimulationRefreshWaveform (GSLLiveSimulationRefreshWaveformAction)

16:22:05:225 [user_actions] [AWT-EventQueue-0] DEBUG - LiveSimulationRefreshWaveform (GSLLiveSimulationRefreshWaveformAction)

16:23:49:2349 [user_actions] [AWT-EventQueue-0] DEBUG - sendToWaveformActionSet (GSLSendToWaveActionSet)
	source = designTopsTreeTable_topsSignalsTreeTable
	entity = matrix_bram_tb.dut.a_we

16:23:53:2353 [user_actions] [AWT-EventQueue-0] DEBUG - sendToWaveformActionSet (GSLSendToWaveActionSet)
	source = designTopsTreeTable_topsSignalsTreeTable
	entity = matrix_bram_tb.dut.a_din[15:0]

16:23:55:2355 [user_actions] [AWT-EventQueue-0] DEBUG - showIdentifierSource (GSLShowDeclarationSourceAction)
	source = designTopsTreeTable_topsSignalsTreeTable
	entity = matrix_bram_tb.dut.a_addr[3:0]

16:23:59:2359 [user_actions] [AWT-EventQueue-0] DEBUG - sendToWaveformActionSet (GSLSendToWaveActionSet)
	source = designTopsTreeTable_topsSignalsTreeTable
	entity = matrix_bram_tb.dut.a_addr[3:0]

16:24:02:242 [user_actions] [AWT-EventQueue-0] DEBUG - sendToWaveformActionSet (GSLSendToWaveActionSet)
	source = designTopsTreeTable_topsSignalsTreeTable
	entity = matrix_bram_tb.dut.a_dout[15:0]

16:28:38:2838 [user_actions] [AWT-EventQueue-0] DEBUG - Zoom In (ZoomAction)
	selected = matrix_bram_tb.dut.a_dout[15:0]

16:28:38:2838 [user_actions] [AWT-EventQueue-0] DEBUG - Zoom In (ZoomAction)
	selected = matrix_bram_tb.dut.a_dout[15:0]

16:32:20:3220 [user_actions] [AWT-EventQueue-0] DEBUG - sendToWaveformActionSet (GSLSendToWaveActionSet)
	source = designTopsTreeTable_topsSignalsTreeTable
	entity = matrix_bram_tb.dut.b_we

16:32:36:3236 [user_actions] [AWT-EventQueue-0] DEBUG - sendToWaveformActionSet (GSLSendToWaveActionSet)
	source = designTopsTreeTable_topsSignalsTreeTable
	entity = matrix_bram_tb.dut.b_addr[3:0]

16:32:39:3239 [user_actions] [AWT-EventQueue-0] DEBUG - sendToWaveformActionSet (GSLSendToWaveActionSet)
	source = designTopsTreeTable_topsSignalsTreeTable
	entity = matrix_bram_tb.dut.b_din[15:0]

16:32:41:3241 [user_actions] [AWT-EventQueue-0] DEBUG - sendToWaveformActionSet (GSLSendToWaveActionSet)
	source = designTopsTreeTable_topsSignalsTreeTable
	entity = matrix_bram_tb.dut.b_dout[15:0]

16:33:22:3322 [user_actions] [AWT-EventQueue-0] DEBUG - OK (GUFIQuestionDialog$1)
	dialog = confirmExitDlg (GUFIQuestionDialog)

