14:59:09:599 [important] [features-3-thread-1] WARN  - InfoSource version is empty in getMajorMinorVersion()
14:59:09:599 [important] [features-3-thread-1] WARN  - InfoSource version not found!! skipping relevant version checks
14:59:09:599 [important] [features-3-thread-1] INFO  - xmsim gcc version is 12.4.0
14:59:09:599 [important] [features-3-thread-1] INFO  - indago gcc version is 12.4.0
14:59:10:5910 [important] [TangoTaskManager-3] WARN  - An Indago Snapshot/LWD was not loaded. Scripting API functionality may be impacted.
14:59:10:5910 [com.cadence.smartlog.bl.common.SLUtils] [TangoTaskManager-5] INFO  - query: 
14:59:18:5918 [user_actions] [AWT-EventQueue-1] DEBUG - refreshSchematicAttributes (SchematicActionsManager$28)

14:59:18:5918 [user_actions] [AWT-EventQueue-1] DEBUG - LiveSimulationRefreshWaveform (GSLLiveSimulationRefreshWaveformAction)

14:59:18:5918 [user_actions] [AWT-EventQueue-1] DEBUG - LiveSimulationRefreshWaveform (GSLLiveSimulationRefreshWaveformAction)

14:59:18:5918 [user_actions] [AWT-EventQueue-1] DEBUG - LiveSimulationRefreshWaveform (GSLLiveSimulationRefreshWaveformAction)

14:59:18:5918 [user_actions] [AWT-EventQueue-1] DEBUG - LiveSimulationRefreshWaveform (GSLLiveSimulationRefreshWaveformAction)

14:59:18:5918 [user_actions] [AWT-EventQueue-1] DEBUG - LiveSimulationRefreshWaveform (GSLLiveSimulationRefreshWaveformAction)

14:59:21:5921 [user_actions] [AWT-EventQueue-1] DEBUG - Keep current (GUFIQuestionDialog$1)
	dialog = restoreLayoutsDialog (GUFIQuestionDialog)

14:59:21:5921 [important] [TangoTaskManager-3] INFO  - ScriptingActivator while loop has finished
14:59:22:5922 [user_actions] [AWT-EventQueue-1] DEBUG - refreshSchematicAttributes (SchematicActionsManager$28)

14:59:36:5936 [user_actions] [AWT-EventQueue-1] DEBUG - run (GSLInteractiveRunPanel$5)

14:59:36:5936 [user_actions] [AWT-EventQueue-1] DEBUG - RUN_FORWARD (GSLDebugStepAction)

14:59:37:5937 [user_actions] [AWT-EventQueue-1] DEBUG - LiveSimulationRefreshWaveform (GSLLiveSimulationRefreshWaveformAction)

14:59:39:5939 [user_actions] [AWT-EventQueue-1] DEBUG - showInstTypeDeclaration (GSLShowInstTypeDeclaration)
	source = designTopsTreeTable
	entity = accelerator_top_tb

15:00:13:013 [user_actions] [AWT-EventQueue-1] DEBUG - sendToWaveformActionSet (GSLSendToWaveActionSet)
	source = designTopsTreeTable_topsSignalsTreeTable
	entities[2] = 
		accelerator_top_tb.uart_rx
		accelerator_top_tb.uart_tx

15:00:19:019 [user_actions] [AWT-EventQueue-1] DEBUG - Delete_Backspace (RemoveSignalsAction)
	selected[2] = 
		accelerator_top_tb.uart_rx
		accelerator_top_tb.uart_tx

15:00:24:024 [user_actions] [AWT-EventQueue-1] DEBUG - TraceCause (TraceCauseWaveAction)
	cellY = 280.0

15:00:25:025 [user_actions] [AWT-EventQueue-1] DEBUG - TraceCause (TraceCauseWaveAction)
	cellY = 275.0

15:00:30:030 [user_actions] [AWT-EventQueue-1] DEBUG - TraceCause (TraceCauseWaveAction)
	cellY = 223.0

15:00:31:031 [user_actions] [AWT-EventQueue-1] DEBUG - TraceCause (TraceCauseWaveAction)
	cellY = 280.0

15:00:36:036 [com.cadence.ufi.common.EventHandlerWithExceptionLogging] [AWT-EventQueue-1] ERROR - caught exception inside handleEvent Method.:java.lang.NumberFormatException: Bad time format(1) "-0.469237" from input "-0.469237" with default units: NS
15:00:36:036 [com.cadence.ufi.common.EventHandlerWithExceptionLogging] [AWT-EventQueue-1] ERROR - caught exception inside handleEvent Method.
java.lang.NumberFormatException: Bad time format(1) "-0.469237" from input "-0.469237" with default units: NS
	at com.cadence.indago.dal.xval.TimePoint.parse(TimePoint.java:149) ~[?:?]
	at com.cadence.indago.dal.xval.TimePoint.<init>(TimePoint.java:84) ~[?:?]
	at com.cadence.indago.dal.xval.TimePoint.getTimePoint(TimePoint.java:322) ~[?:?]
	at com.cadence.indago.waveform2.util.MarkerHandler.lambda$new$0(MarkerHandler.java:164) ~[?:?]
	at com.cadence.ufi.common.UFIBaseEvent.lambda$wrapWithOriginalEventFix$0(UFIBaseEvent.java:116) ~[?:?]
	at com.cadence.ufi.common.EventHandlerWithExceptionLogging.handleEvent(EventHandlerWithExceptionLogging.java:23) ~[?:?]
	at org.apache.felix.eventadmin.impl.handler.EventHandlerProxy.sendEvent(EventHandlerProxy.java:432) ~[!/:?]
	at org.apache.felix.eventadmin.impl.tasks.HandlerTask.runWithoutDenylistTiming(HandlerTask.java:82) ~[?:?]
	at org.apache.felix.eventadmin.impl.tasks.SyncDeliverTasks.execute(SyncDeliverTasks.java:107) ~[!/:?]
	at org.apache.felix.eventadmin.impl.handler.EventAdminImpl.sendEvent(EventAdminImpl.java:196) ~[!/:?]
	at org.apache.felix.eventadmin.impl.security.EventAdminSecurityDecorator.sendEvent(EventAdminSecurityDecorator.java:96) ~[!/:?]
	at com.cadence.ufi.common.UFIBaseEvent.sendEvent(UFIBaseEvent.java:66) ~[?:?]
	at com.cadence.smartlog.extension.managers.NotificationManager.lambda$new$1(NotificationManager.java:124) ~[?:?]
	at com.cadence.smartlog.gui.appl.GSLDebugManager.fireCurrentFactChanged(GSLDebugManager.java:2502) ~[?:?]
	at com.cadence.smartlog.gui.appl.GSLDebugManager.lambda$currentFactChanged$38(GSLDebugManager.java:2714) ~[?:?]
	at com.cadence.ufi.flowscontrol.ControlledRunnable.run(ControlledRunnable.java:30) ~[?:?]
	at java.awt.event.InvocationEvent.dispatch(InvocationEvent.java:313) ~[?:?]
	at java.awt.EventQueue.dispatchEventImpl(EventQueue.java:770) ~[?:?]
	at java.awt.EventQueue$4.run(EventQueue.java:721) ~[?:?]
	at java.awt.EventQueue$4.run(EventQueue.java:715) ~[?:?]
	at java.security.AccessController.doPrivileged(Native Method) ~[?:?]
	at java.security.ProtectionDomain$JavaSecurityAccessImpl.doIntersectionPrivilege(ProtectionDomain.java:85) ~[?:?]
	at java.awt.EventQueue.dispatchEvent(EventQueue.java:740) ~[?:?]
	at java.awt.EventDispatchThread.pumpOneEventForFilters(EventDispatchThread.java:203) ~[?:?]
	at java.awt.EventDispatchThread.pumpEventsForFilter(EventDispatchThread.java:124) ~[?:?]
	at java.awt.EventDispatchThread.pumpEventsForHierarchy(EventDispatchThread.java:113) ~[?:?]
	at java.awt.EventDispatchThread.pumpEvents(EventDispatchThread.java:109) ~[?:?]
	at java.awt.EventDispatchThread.pumpEvents(EventDispatchThread.java:101) ~[?:?]
	at java.awt.EventDispatchThread.run(EventDispatchThread.java:90) ~[?:?]
15:00:36:036 [com.cadence.ufi.common.EventHandlerWithExceptionLogging] [AWT-EventQueue-1] ERROR - caught exception inside handleEvent Method.:java.lang.NumberFormatException: Bad time format(1) "-0.469237" from input "-0.469237(0)NS" with default units: NONE
15:00:36:036 [com.cadence.ufi.common.EventHandlerWithExceptionLogging] [AWT-EventQueue-1] ERROR - caught exception inside handleEvent Method.
java.lang.NumberFormatException: Bad time format(1) "-0.469237" from input "-0.469237(0)NS" with default units: NONE
	at com.cadence.indago.dal.xval.TimePoint.parse(TimePoint.java:149) ~[?:?]
	at com.cadence.indago.dal.xval.TimePoint.parse(TimePoint.java:99) ~[?:?]
	at com.cadence.indago.dal.xval.TimePoint.<init>(TimePoint.java:80) ~[?:?]
	at com.cadence.indago.dal.xval.TimePoint.getTimePoint(TimePoint.java:271) ~[?:?]
	at com.cadence.indago.waveform2.service.WaveTracePreview.getCDLDrawingInfo(WaveTraceService.java:408) ~[?:?]
	at com.cadence.indago.waveform2.service.WaveTracePreview.doRefresh(WaveTraceService.java:303) ~[?:?]
	at com.cadence.indago.waveform2.ui.WaveTraceViewBase.refreshTrace(WaveTraceViewBase.java:343) ~[?:?]
	at com.cadence.indago.waveform2.service.WaveTracePreview.refreshTrace(WaveTraceService.java:381) ~[?:?]
	at com.cadence.indago.waveform2.service.WaveTracePreview.lambda$new$2(WaveTraceService.java:274) ~[?:?]
	at com.cadence.ufi.common.UFIBaseEvent.lambda$wrapWithOriginalEventFix$0(UFIBaseEvent.java:116) ~[?:?]
	at com.cadence.ufi.common.EventHandlerWithExceptionLogging.handleEvent(EventHandlerWithExceptionLogging.java:23) ~[?:?]
	at org.apache.felix.eventadmin.impl.handler.EventHandlerProxy.sendEvent(EventHandlerProxy.java:432) ~[!/:?]
	at org.apache.felix.eventadmin.impl.tasks.HandlerTask.runWithoutDenylistTiming(HandlerTask.java:82) ~[?:?]
	at org.apache.felix.eventadmin.impl.tasks.SyncDeliverTasks.execute(SyncDeliverTasks.java:107) ~[!/:?]
	at org.apache.felix.eventadmin.impl.handler.EventAdminImpl.sendEvent(EventAdminImpl.java:196) ~[!/:?]
	at org.apache.felix.eventadmin.impl.security.EventAdminSecurityDecorator.sendEvent(EventAdminSecurityDecorator.java:96) ~[!/:?]
	at com.cadence.ufi.common.UFIBaseEvent.sendEvent(UFIBaseEvent.java:66) ~[?:?]
	at com.cadence.smartlog.extension.managers.NotificationManager.lambda$new$1(NotificationManager.java:124) ~[?:?]
	at com.cadence.smartlog.gui.appl.GSLDebugManager.fireCurrentFactChanged(GSLDebugManager.java:2502) ~[?:?]
	at com.cadence.smartlog.gui.appl.GSLDebugManager.lambda$currentFactChanged$38(GSLDebugManager.java:2714) ~[?:?]
	at com.cadence.ufi.flowscontrol.ControlledRunnable.run(ControlledRunnable.java:30) ~[?:?]
	at java.awt.event.InvocationEvent.dispatch(InvocationEvent.java:313) ~[?:?]
	at java.awt.EventQueue.dispatchEventImpl(EventQueue.java:770) ~[?:?]
	at java.awt.EventQueue$4.run(EventQueue.java:721) ~[?:?]
	at java.awt.EventQueue$4.run(EventQueue.java:715) ~[?:?]
	at java.security.AccessController.doPrivileged(Native Method) ~[?:?]
	at java.security.ProtectionDomain$JavaSecurityAccessImpl.doIntersectionPrivilege(ProtectionDomain.java:85) ~[?:?]
	at java.awt.EventQueue.dispatchEvent(EventQueue.java:740) ~[?:?]
	at java.awt.EventDispatchThread.pumpOneEventForFilters(EventDispatchThread.java:203) ~[?:?]
	at java.awt.EventDispatchThread.pumpEventsForFilter(EventDispatchThread.java:124) ~[?:?]
	at java.awt.EventDispatchThread.pumpEventsForHierarchy(EventDispatchThread.java:113) ~[?:?]
	at java.awt.EventDispatchThread.pumpEvents(EventDispatchThread.java:109) ~[?:?]
	at java.awt.EventDispatchThread.pumpEvents(EventDispatchThread.java:101) ~[?:?]
	at java.awt.EventDispatchThread.run(EventDispatchThread.java:90) ~[?:?]
15:00:36:036 [com.cadence.ufi.common.EventHandlerWithExceptionLogging] [AWT-EventQueue-1] ERROR - caught exception inside handleEvent Method.:java.lang.NumberFormatException: Bad time format(1) "-0.469237" from input "-0.469237" with default units: NS
15:00:36:036 [com.cadence.ufi.common.EventHandlerWithExceptionLogging] [AWT-EventQueue-1] ERROR - caught exception inside handleEvent Method.
java.lang.NumberFormatException: Bad time format(1) "-0.469237" from input "-0.469237" with default units: NS
	at com.cadence.indago.dal.xval.TimePoint.parse(TimePoint.java:149) ~[?:?]
	at com.cadence.indago.dal.xval.TimePoint.<init>(TimePoint.java:84) ~[?:?]
	at com.cadence.indago.dal.xval.TimePoint.getTimePoint(TimePoint.java:322) ~[?:?]
	at com.cadence.indago.markers.MarkerManager.lambda$new$0(MarkerManager.java:68) ~[?:?]
	at com.cadence.ufi.common.UFIBaseEvent.lambda$wrapWithOriginalEventFix$0(UFIBaseEvent.java:116) ~[?:?]
	at com.cadence.ufi.common.EventHandlerWithExceptionLogging.handleEvent(EventHandlerWithExceptionLogging.java:23) ~[?:?]
	at org.apache.felix.eventadmin.impl.handler.EventHandlerProxy.sendEvent(EventHandlerProxy.java:432) ~[!/:?]
	at org.apache.felix.eventadmin.impl.tasks.HandlerTask.runWithoutDenylistTiming(HandlerTask.java:82) ~[?:?]
	at org.apache.felix.eventadmin.impl.tasks.SyncDeliverTasks.execute(SyncDeliverTasks.java:107) ~[!/:?]
	at org.apache.felix.eventadmin.impl.handler.EventAdminImpl.sendEvent(EventAdminImpl.java:196) ~[!/:?]
	at org.apache.felix.eventadmin.impl.security.EventAdminSecurityDecorator.sendEvent(EventAdminSecurityDecorator.java:96) ~[!/:?]
	at com.cadence.ufi.common.UFIBaseEvent.sendEvent(UFIBaseEvent.java:66) ~[?:?]
	at com.cadence.smartlog.extension.managers.NotificationManager.lambda$new$1(NotificationManager.java:124) ~[?:?]
	at com.cadence.smartlog.gui.appl.GSLDebugManager.fireCurrentFactChanged(GSLDebugManager.java:2502) ~[?:?]
	at com.cadence.smartlog.gui.appl.GSLDebugManager.lambda$currentFactChanged$38(GSLDebugManager.java:2714) ~[?:?]
	at com.cadence.ufi.flowscontrol.ControlledRunnable.run(ControlledRunnable.java:30) ~[?:?]
	at java.awt.event.InvocationEvent.dispatch(InvocationEvent.java:313) ~[?:?]
	at java.awt.EventQueue.dispatchEventImpl(EventQueue.java:770) ~[?:?]
	at java.awt.EventQueue$4.run(EventQueue.java:721) ~[?:?]
	at java.awt.EventQueue$4.run(EventQueue.java:715) ~[?:?]
	at java.security.AccessController.doPrivileged(Native Method) ~[?:?]
	at java.security.ProtectionDomain$JavaSecurityAccessImpl.doIntersectionPrivilege(ProtectionDomain.java:85) ~[?:?]
	at java.awt.EventQueue.dispatchEvent(EventQueue.java:740) ~[?:?]
	at java.awt.EventDispatchThread.pumpOneEventForFilters(EventDispatchThread.java:203) ~[?:?]
	at java.awt.EventDispatchThread.pumpEventsForFilter(EventDispatchThread.java:124) ~[?:?]
	at java.awt.EventDispatchThread.pumpEventsForHierarchy(EventDispatchThread.java:113) ~[?:?]
	at java.awt.EventDispatchThread.pumpEvents(EventDispatchThread.java:109) ~[?:?]
	at java.awt.EventDispatchThread.pumpEvents(EventDispatchThread.java:101) ~[?:?]
	at java.awt.EventDispatchThread.run(EventDispatchThread.java:90) ~[?:?]
15:00:40:040 [user_actions] [AWT-EventQueue-1] DEBUG - TraceCause (TraceCauseWaveAction)
	cellY = 327.0

15:01:08:18 [user_actions] [AWT-EventQueue-1] DEBUG - sendToWaveformActionSet (GSLSendToWaveActionSet)
	source = designTopsTreeTable_topsSignalsTreeTable
	entity = accelerator_top_tb.clk

15:01:15:115 [user_actions] [AWT-EventQueue-1] DEBUG - TraceCause (TraceCauseWaveAction)
	cellY = 370.0

15:01:16:116 [user_actions] [AWT-EventQueue-1] DEBUG - TraceCause (TraceCauseWaveAction)
	cellY = 365.0

15:01:16:116 [user_actions] [AWT-EventQueue-1] DEBUG - TraceCause (TraceCauseWaveAction)
	cellY = 360.0

15:01:17:117 [user_actions] [AWT-EventQueue-1] DEBUG - TraceCause (TraceCauseWaveAction)
	cellY = 360.0

15:02:49:249 [user_actions] [AWT-EventQueue-1] DEBUG - sendToWaveformActionSet (GSLSendToWaveActionSet)
	source = designTopsTreeTable_topsSignalsTreeTable
	entities[2] = 
		accelerator_top_tb.uart_rx
		accelerator_top_tb.uart_tx

15:03:24:324 [user_actions] [AWT-EventQueue-1] DEBUG - sendToWaveformActionSet (GSLSendToWaveActionSet)
	source = designTopsTreeTable_topsSignalsTreeTable
	entity = accelerator_top_tb.dut.u_host_cmd.state[3:0]

15:03:38:338 [user_actions] [AWT-EventQueue-1] DEBUG - sendToWaveformActionSet (GSLSendToWaveActionSet)
	source = designTopsTreeTable_topsSignalsTreeTable
	entity = accelerator_top_tb.dut.u_host_cmd.tx_byte_idx[2:0]

15:03:51:351 [user_actions] [AWT-EventQueue-1] DEBUG - sendToWaveformActionSet (GSLSendToWaveActionSet)
	source = designTopsTreeTable_topsSignalsTreeTable
	entity = accelerator_top_tb.dut.u_host_cmd.c_read_val[31:0]

15:04:15:415 [user_actions] [AWT-EventQueue-1] DEBUG - sendToWaveformActionSet (GSLSendToWaveActionSet)
	source = designTopsTreeTable_topsSignalsTreeTable
	entity = accelerator_top_tb.dut.u_host_cmd.tx_valid

15:04:27:427 [user_actions] [AWT-EventQueue-1] DEBUG - sendToWaveformActionSet (GSLSendToWaveActionSet)
	source = designTopsTreeTable_topsSignalsTreeTable
	entity = accelerator_top_tb.dut.u_host_cmd.tx_data[7:0]

15:04:29:429 [user_actions] [AWT-EventQueue-1] DEBUG - TraceCause (TraceCauseWaveAction)
	cellY = 275.0

15:04:31:431 [user_actions] [AWT-EventQueue-1] DEBUG - TraceCause (TraceCauseWaveAction)
	cellY = 280.0

15:04:35:435 [user_actions] [AWT-EventQueue-1] DEBUG - TraceCause (TraceCauseWaveAction)
	cellY = 272.0

15:04:45:445 [user_actions] [AWT-EventQueue-1] DEBUG - Zoom Out (ZoomAction)
	selected = accelerator_top_tb.dut.u_host_cmd.tx_data[7:0]

15:04:46:446 [user_actions] [AWT-EventQueue-1] DEBUG - Zoom Out (ZoomAction)
	selected = accelerator_top_tb.dut.u_host_cmd.tx_data[7:0]

15:04:46:446 [user_actions] [AWT-EventQueue-1] DEBUG - Zoom Out (ZoomAction)
	selected = accelerator_top_tb.dut.u_host_cmd.tx_data[7:0]

15:04:46:446 [user_actions] [AWT-EventQueue-1] DEBUG - Zoom Out (ZoomAction)
	selected = accelerator_top_tb.dut.u_host_cmd.tx_data[7:0]

15:04:46:446 [user_actions] [AWT-EventQueue-1] DEBUG - Zoom Out (ZoomAction)
	selected = accelerator_top_tb.dut.u_host_cmd.tx_data[7:0]

15:04:47:447 [user_actions] [AWT-EventQueue-1] DEBUG - Zoom Out (ZoomAction)
	selected = accelerator_top_tb.dut.u_host_cmd.tx_data[7:0]

15:04:47:447 [user_actions] [AWT-EventQueue-1] DEBUG - Zoom Out (ZoomAction)
	selected = accelerator_top_tb.dut.u_host_cmd.tx_data[7:0]

15:04:47:447 [user_actions] [AWT-EventQueue-1] DEBUG - Zoom Out (ZoomAction)
	selected = accelerator_top_tb.dut.u_host_cmd.tx_data[7:0]

15:04:47:447 [user_actions] [AWT-EventQueue-1] DEBUG - Zoom Out (ZoomAction)
	selected = accelerator_top_tb.dut.u_host_cmd.tx_data[7:0]

15:04:50:450 [user_actions] [AWT-EventQueue-1] DEBUG - Zoom In (ZoomAction)
	selected = accelerator_top_tb.dut.u_host_cmd.tx_data[7:0]

15:04:50:450 [user_actions] [AWT-EventQueue-1] DEBUG - Zoom Full (ZoomAction)
	selected = accelerator_top_tb.dut.u_host_cmd.tx_data[7:0]

15:05:11:511 [user_actions] [AWT-EventQueue-1] DEBUG - sendToWaveformActionSet (GSLSendToWaveActionSet)
	source = designTopsTreeTable_topsSignalsTreeTable
	entity = accelerator_top_tb.dut.u_host_cmd.tx_busy

15:05:13:513 [user_actions] [AWT-EventQueue-1] DEBUG - TraceCause (TraceCauseWaveAction)
	cellY = 362.0

15:05:18:518 [user_actions] [AWT-EventQueue-1] DEBUG - TraceCause (TraceCauseWaveAction)
	cellY = 353.0

15:05:58:558 [user_actions] [AWT-EventQueue-1] DEBUG - sendToWaveformActionSet (GSLSendToWaveActionSet)
	source = designTopsTreeTable_topsSignalsTreeTable
	entity = accelerator_top_tb.dut.u_host_cmd.tx_done

15:06:06:66 [user_actions] [AWT-EventQueue-1] DEBUG - Zoom In (ZoomAction)
	selected = accelerator_top_tb.dut.u_host_cmd.tx_done

15:06:07:67 [user_actions] [AWT-EventQueue-1] DEBUG - Zoom In (ZoomAction)
	selected = accelerator_top_tb.dut.u_host_cmd.tx_done

15:06:08:68 [user_actions] [AWT-EventQueue-1] DEBUG - Zoom Out (ZoomAction)
	selected = accelerator_top_tb.dut.u_host_cmd.tx_done

15:06:09:69 [user_actions] [AWT-EventQueue-1] DEBUG - Zoom Out (ZoomAction)
	selected = accelerator_top_tb.dut.u_host_cmd.tx_done

15:07:41:741 [user_actions] [AWT-EventQueue-1] DEBUG - Zoom In (ZoomAction)
	selected = accelerator_top_tb.dut.u_host_cmd.tx_done

15:07:43:743 [user_actions] [AWT-EventQueue-1] DEBUG - Zoom Out (ZoomAction)
	selected = accelerator_top_tb.dut.u_host_cmd.tx_done

15:07:47:747 [user_actions] [AWT-EventQueue-1] DEBUG - Zoom In (ZoomAction)
	selected = accelerator_top_tb.dut.u_host_cmd.tx_done

15:08:27:827 [user_actions] [AWT-EventQueue-1] DEBUG - Zoom Out (ZoomAction)
	selected = accelerator_top_tb.dut.u_host_cmd.tx_done

15:11:02:112 [user_actions] [AWT-EventQueue-1] DEBUG - Zoom In (ZoomAction)
	selected = accelerator_top_tb.dut.u_host_cmd.tx_done

15:11:02:112 [user_actions] [AWT-EventQueue-1] DEBUG - Zoom In (ZoomAction)
	selected = accelerator_top_tb.dut.u_host_cmd.tx_done

15:11:03:113 [user_actions] [AWT-EventQueue-1] DEBUG - Zoom In (ZoomAction)
	selected = accelerator_top_tb.dut.u_host_cmd.tx_done

15:11:03:113 [user_actions] [AWT-EventQueue-1] DEBUG - Zoom In (ZoomAction)
	selected = accelerator_top_tb.dut.u_host_cmd.tx_done

15:11:04:114 [user_actions] [AWT-EventQueue-1] DEBUG - Zoom In (ZoomAction)
	selected = accelerator_top_tb.dut.u_host_cmd.tx_done

15:11:04:114 [user_actions] [AWT-EventQueue-1] DEBUG - Zoom In (ZoomAction)
	selected = accelerator_top_tb.dut.u_host_cmd.tx_done

15:11:05:115 [user_actions] [AWT-EventQueue-1] DEBUG - Zoom In (ZoomAction)
	selected = accelerator_top_tb.dut.u_host_cmd.tx_done

15:11:05:115 [user_actions] [AWT-EventQueue-1] DEBUG - Zoom In (ZoomAction)
	selected = accelerator_top_tb.dut.u_host_cmd.tx_done

15:11:05:115 [user_actions] [AWT-EventQueue-1] DEBUG - Zoom In (ZoomAction)
	selected = accelerator_top_tb.dut.u_host_cmd.tx_done

15:11:05:115 [user_actions] [AWT-EventQueue-1] DEBUG - Zoom In (ZoomAction)
	selected = accelerator_top_tb.dut.u_host_cmd.tx_done

15:11:05:115 [user_actions] [AWT-EventQueue-1] DEBUG - Zoom In (ZoomAction)
	selected = accelerator_top_tb.dut.u_host_cmd.tx_done

15:11:06:116 [user_actions] [AWT-EventQueue-1] DEBUG - Zoom Out (ZoomAction)
	selected = accelerator_top_tb.dut.u_host_cmd.tx_done

15:11:07:117 [user_actions] [AWT-EventQueue-1] DEBUG - Zoom Out (ZoomAction)
	selected = accelerator_top_tb.dut.u_host_cmd.tx_done

15:11:07:117 [user_actions] [AWT-EventQueue-1] DEBUG - Zoom Out (ZoomAction)
	selected = accelerator_top_tb.dut.u_host_cmd.tx_done

15:11:07:117 [user_actions] [AWT-EventQueue-1] DEBUG - Zoom Out (ZoomAction)
	selected = accelerator_top_tb.dut.u_host_cmd.tx_done

15:11:07:117 [user_actions] [AWT-EventQueue-1] DEBUG - Zoom Out (ZoomAction)
	selected = accelerator_top_tb.dut.u_host_cmd.tx_done

15:11:07:117 [user_actions] [AWT-EventQueue-1] DEBUG - Zoom Out (ZoomAction)
	selected = accelerator_top_tb.dut.u_host_cmd.tx_done

15:11:07:117 [user_actions] [AWT-EventQueue-1] DEBUG - Zoom Out (ZoomAction)
	selected = accelerator_top_tb.dut.u_host_cmd.tx_done

15:11:08:118 [user_actions] [AWT-EventQueue-1] DEBUG - Zoom Out (ZoomAction)
	selected = accelerator_top_tb.dut.u_host_cmd.tx_done

15:11:08:118 [user_actions] [AWT-EventQueue-1] DEBUG - Zoom Out (ZoomAction)
	selected = accelerator_top_tb.dut.u_host_cmd.tx_done

15:11:10:1110 [user_actions] [AWT-EventQueue-1] DEBUG - Zoom Out (ZoomAction)
	selected = accelerator_top_tb.dut.u_host_cmd.tx_done

15:11:51:1151 [user_actions] [AWT-EventQueue-1] DEBUG - Zoom In (ZoomAction)
	selected = accelerator_top_tb.dut.u_host_cmd.tx_done

15:11:52:1152 [user_actions] [AWT-EventQueue-1] DEBUG - Zoom In (ZoomAction)
	selected = accelerator_top_tb.dut.u_host_cmd.tx_done

15:11:52:1152 [user_actions] [AWT-EventQueue-1] DEBUG - Zoom In (ZoomAction)
	selected = accelerator_top_tb.dut.u_host_cmd.tx_done

15:11:52:1152 [user_actions] [AWT-EventQueue-1] DEBUG - Zoom In (ZoomAction)
	selected = accelerator_top_tb.dut.u_host_cmd.tx_done

15:11:52:1152 [user_actions] [AWT-EventQueue-1] DEBUG - Zoom In (ZoomAction)
	selected = accelerator_top_tb.dut.u_host_cmd.tx_done

15:11:53:1153 [user_actions] [AWT-EventQueue-1] DEBUG - Zoom In (ZoomAction)
	selected = accelerator_top_tb.dut.u_host_cmd.tx_done

15:11:53:1153 [user_actions] [AWT-EventQueue-1] DEBUG - Zoom In (ZoomAction)
	selected = accelerator_top_tb.dut.u_host_cmd.tx_done

15:11:53:1153 [user_actions] [AWT-EventQueue-1] DEBUG - Zoom In (ZoomAction)
	selected = accelerator_top_tb.dut.u_host_cmd.tx_done

15:11:53:1153 [user_actions] [AWT-EventQueue-1] DEBUG - Zoom In (ZoomAction)
	selected = accelerator_top_tb.dut.u_host_cmd.tx_done

15:11:54:1154 [user_actions] [AWT-EventQueue-1] DEBUG - Zoom In (ZoomAction)
	selected = accelerator_top_tb.dut.u_host_cmd.tx_done

15:12:00:120 [user_actions] [AWT-EventQueue-1] DEBUG - TraceCause (TraceCauseWaveAction)
	cellY = 783.0

15:12:02:122 [user_actions] [AWT-EventQueue-1] DEBUG - TraceCause (TraceCauseWaveAction)
	cellY = 783.0

15:12:03:123 [user_actions] [AWT-EventQueue-1] DEBUG - TraceCause (TraceCauseWaveAction)
	cellY = 783.0

15:12:07:127 [user_actions] [AWT-EventQueue-1] DEBUG - Zoom Full (ZoomAction)
	selected = accelerator_top_tb.dut.u_host_cmd.tx_done

15:17:58:1758 [user_actions] [AWT-EventQueue-1] DEBUG - OK (GUFIQuestionDialog$1)
	dialog = confirmExitDlg (GUFIQuestionDialog)

