2026-06-18T15:00:36,342 | ERROR | AWT-EventQueue-1 | eventadmin                       | 4 - org.apache.karaf.services.eventadmin - 4.4.3 | EventAdmin: Exception during event dispatch [org.osgi.service.event.Event [topic=com/cadence/indago/fact/change] {sync_cdl=false, force-debug-time=false, time=1781809236308, EventObject=com.cadence.indago.events.FactChangeEvent [topic=com/cadence/indago/fact/change] {}, fact-time=-0.469237, timestamp=1781809236308} | [org.osgi.service.event.EventHandler] | Bundle(framework-common [31]) | Handler(com.cadence.ufi.common.EventHandlerWithExceptionLogging@6152a402)]
java.lang.NumberFormatException: Bad time format(1) "-0.469237" from input "-0.469237" with default units: NS
	at com.cadence.indago.dal.xval.TimePoint.parse(TimePoint.java:149) ~[?:?]
	at com.cadence.indago.dal.xval.TimePoint.<init>(TimePoint.java:84) ~[?:?]
	at com.cadence.indago.dal.xval.TimePoint.getTimePoint(TimePoint.java:322) ~[?:?]
	at com.cadence.indago.waveform2.util.MarkerHandler.lambda$new$0(MarkerHandler.java:164) ~[?:?]
	at com.cadence.ufi.common.UFIBaseEvent.lambda$wrapWithOriginalEventFix$0(UFIBaseEvent.java:116) ~[?:?]
	at com.cadence.ufi.common.EventHandlerWithExceptionLogging.handleEvent(EventHandlerWithExceptionLogging.java:23) ~[?:?]
	at org.apache.felix.eventadmin.impl.handler.EventHandlerProxy.sendEvent(EventHandlerProxy.java:432) ~[?:?]
	at org.apache.felix.eventadmin.impl.tasks.HandlerTask.runWithoutDenylistTiming(HandlerTask.java:82) ~[?:?]
	at org.apache.felix.eventadmin.impl.tasks.SyncDeliverTasks.execute(SyncDeliverTasks.java:107) ~[?:?]
	at org.apache.felix.eventadmin.impl.handler.EventAdminImpl.sendEvent(EventAdminImpl.java:196) ~[?:?]
	at org.apache.felix.eventadmin.impl.security.EventAdminSecurityDecorator.sendEvent(EventAdminSecurityDecorator.java:96) ~[?:?]
	at com.cadence.ufi.common.UFIBaseEvent.sendEvent(UFIBaseEvent.java:66) ~[?:?]
	at com.cadence.smartlog.extension.managers.NotificationManager.lambda$new$1(NotificationManager.java:124) ~[?:?]
	at com.cadence.smartlog.gui.appl.GSLDebugManager.fireCurrentFactChanged(GSLDebugManager.java:2502) ~[?:?]
	at com.cadence.smartlog.gui.appl.GSLDebugManager.lambda$currentFactChanged$38(GSLDebugManager.java:2714) ~[?:?]
	at com.cadence.ufi.flowscontrol.ControlledRunnable.run(ControlledRunnable.java:30) ~[?:?]
	at java.awt.event.InvocationEvent.dispatch(InvocationEvent.java:313) ~[?:?]
	at java.awt.EventQueue.dispatchEventImpl(EventQueue.java:770) ~[?:?]
	at java.awt.EventQueue$4.run(EventQueue.java:721) ~[?:?]
	at java.awt.EventQueue$4.run(EventQueue.java:715) ~[?:?]
	at java.security.AccessController.doPrivileged(Native Method) ~[?:?]
	at java.security.ProtectionDomain$JavaSecurityAccessImpl.doIntersectionPrivilege(ProtectionDomain.java:85) ~[?:?]
	at java.awt.EventQueue.dispatchEvent(EventQueue.java:740) ~[?:?]
	at java.awt.EventDispatchThread.pumpOneEventForFilters(EventDispatchThread.java:203) ~[?:?]
	at java.awt.EventDispatchThread.pumpEventsForFilter(EventDispatchThread.java:124) ~[?:?]
	at java.awt.EventDispatchThread.pumpEventsForHierarchy(EventDispatchThread.java:113) ~[?:?]
	at java.awt.EventDispatchThread.pumpEvents(EventDispatchThread.java:109) ~[?:?]
	at java.awt.EventDispatchThread.pumpEvents(EventDispatchThread.java:101) ~[?:?]
	at java.awt.EventDispatchThread.run(EventDispatchThread.java:90) ~[?:?]
2026-06-18T15:00:36,361 | ERROR | AWT-EventQueue-1 | eventadmin                       | 4 - org.apache.karaf.services.eventadmin - 4.4.3 | EventAdmin: Exception during event dispatch [org.osgi.service.event.Event [topic=com/cadence/indago/fact/change] {sync_cdl=false, force-debug-time=false, time=1781809236308, EventObject=com.cadence.indago.events.FactChangeEvent [topic=com/cadence/indago/fact/change] {}, fact-time=-0.469237, timestamp=1781809236308} | [org.osgi.service.event.EventHandler] | Bundle(framework-common [31]) | Handler(com.cadence.ufi.common.EventHandlerWithExceptionLogging@27bd7d30)]
java.lang.NumberFormatException: Bad time format(1) "-0.469237" from input "-0.469237(0)NS" with default units: NONE
	at com.cadence.indago.dal.xval.TimePoint.parse(TimePoint.java:149) ~[?:?]
	at com.cadence.indago.dal.xval.TimePoint.parse(TimePoint.java:99) ~[?:?]
	at com.cadence.indago.dal.xval.TimePoint.<init>(TimePoint.java:80) ~[?:?]
	at com.cadence.indago.dal.xval.TimePoint.getTimePoint(TimePoint.java:271) ~[?:?]
	at com.cadence.indago.waveform2.service.WaveTracePreview.getCDLDrawingInfo(WaveTraceService.java:408) ~[?:?]
	at com.cadence.indago.waveform2.service.WaveTracePreview.doRefresh(WaveTraceService.java:303) ~[?:?]
	at com.cadence.indago.waveform2.ui.WaveTraceViewBase.refreshTrace(WaveTraceViewBase.java:343) ~[?:?]
	at com.cadence.indago.waveform2.service.WaveTracePreview.refreshTrace(WaveTraceService.java:381) ~[?:?]
	at com.cadence.indago.waveform2.service.WaveTracePreview.lambda$new$2(WaveTraceService.java:274) ~[?:?]
	at com.cadence.ufi.common.UFIBaseEvent.lambda$wrapWithOriginalEventFix$0(UFIBaseEvent.java:116) ~[?:?]
	at com.cadence.ufi.common.EventHandlerWithExceptionLogging.handleEvent(EventHandlerWithExceptionLogging.java:23) ~[?:?]
	at org.apache.felix.eventadmin.impl.handler.EventHandlerProxy.sendEvent(EventHandlerProxy.java:432) ~[?:?]
	at org.apache.felix.eventadmin.impl.tasks.HandlerTask.runWithoutDenylistTiming(HandlerTask.java:82) ~[?:?]
	at org.apache.felix.eventadmin.impl.tasks.SyncDeliverTasks.execute(SyncDeliverTasks.java:107) ~[?:?]
	at org.apache.felix.eventadmin.impl.handler.EventAdminImpl.sendEvent(EventAdminImpl.java:196) ~[?:?]
	at org.apache.felix.eventadmin.impl.security.EventAdminSecurityDecorator.sendEvent(EventAdminSecurityDecorator.java:96) ~[?:?]
	at com.cadence.ufi.common.UFIBaseEvent.sendEvent(UFIBaseEvent.java:66) ~[?:?]
	at com.cadence.smartlog.extension.managers.NotificationManager.lambda$new$1(NotificationManager.java:124) ~[?:?]
	at com.cadence.smartlog.gui.appl.GSLDebugManager.fireCurrentFactChanged(GSLDebugManager.java:2502) ~[?:?]
	at com.cadence.smartlog.gui.appl.GSLDebugManager.lambda$currentFactChanged$38(GSLDebugManager.java:2714) ~[?:?]
	at com.cadence.ufi.flowscontrol.ControlledRunnable.run(ControlledRunnable.java:30) ~[?:?]
	at java.awt.event.InvocationEvent.dispatch(InvocationEvent.java:313) ~[?:?]
	at java.awt.EventQueue.dispatchEventImpl(EventQueue.java:770) ~[?:?]
	at java.awt.EventQueue$4.run(EventQueue.java:721) ~[?:?]
	at java.awt.EventQueue$4.run(EventQueue.java:715) ~[?:?]
	at java.security.AccessController.doPrivileged(Native Method) ~[?:?]
	at java.security.ProtectionDomain$JavaSecurityAccessImpl.doIntersectionPrivilege(ProtectionDomain.java:85) ~[?:?]
	at java.awt.EventQueue.dispatchEvent(EventQueue.java:740) ~[?:?]
	at java.awt.EventDispatchThread.pumpOneEventForFilters(EventDispatchThread.java:203) ~[?:?]
	at java.awt.EventDispatchThread.pumpEventsForFilter(EventDispatchThread.java:124) ~[?:?]
	at java.awt.EventDispatchThread.pumpEventsForHierarchy(EventDispatchThread.java:113) ~[?:?]
	at java.awt.EventDispatchThread.pumpEvents(EventDispatchThread.java:109) ~[?:?]
	at java.awt.EventDispatchThread.pumpEvents(EventDispatchThread.java:101) ~[?:?]
	at java.awt.EventDispatchThread.run(EventDispatchThread.java:90) ~[?:?]
2026-06-18T15:00:36,365 | ERROR | AWT-EventQueue-1 | eventadmin                       | 4 - org.apache.karaf.services.eventadmin - 4.4.3 | EventAdmin: Exception during event dispatch [org.osgi.service.event.Event [topic=com/cadence/indago/fact/change] {sync_cdl=false, force-debug-time=false, time=1781809236308, EventObject=com.cadence.indago.events.FactChangeEvent [topic=com/cadence/indago/fact/change] {}, fact-time=-0.469237, timestamp=1781809236308} | [org.osgi.service.event.EventHandler] | Bundle(framework-common [31]) | Handler(com.cadence.ufi.common.EventHandlerWithExceptionLogging@7823537)]
java.lang.NumberFormatException: Bad time format(1) "-0.469237" from input "-0.469237" with default units: NS
	at com.cadence.indago.dal.xval.TimePoint.parse(TimePoint.java:149) ~[?:?]
	at com.cadence.indago.dal.xval.TimePoint.<init>(TimePoint.java:84) ~[?:?]
	at com.cadence.indago.dal.xval.TimePoint.getTimePoint(TimePoint.java:322) ~[?:?]
	at com.cadence.indago.markers.MarkerManager.lambda$new$0(MarkerManager.java:68) ~[?:?]
	at com.cadence.ufi.common.UFIBaseEvent.lambda$wrapWithOriginalEventFix$0(UFIBaseEvent.java:116) ~[?:?]
	at com.cadence.ufi.common.EventHandlerWithExceptionLogging.handleEvent(EventHandlerWithExceptionLogging.java:23) ~[?:?]
	at org.apache.felix.eventadmin.impl.handler.EventHandlerProxy.sendEvent(EventHandlerProxy.java:432) ~[?:?]
	at org.apache.felix.eventadmin.impl.tasks.HandlerTask.runWithoutDenylistTiming(HandlerTask.java:82) ~[?:?]
	at org.apache.felix.eventadmin.impl.tasks.SyncDeliverTasks.execute(SyncDeliverTasks.java:107) ~[?:?]
	at org.apache.felix.eventadmin.impl.handler.EventAdminImpl.sendEvent(EventAdminImpl.java:196) ~[?:?]
	at org.apache.felix.eventadmin.impl.security.EventAdminSecurityDecorator.sendEvent(EventAdminSecurityDecorator.java:96) ~[?:?]
	at com.cadence.ufi.common.UFIBaseEvent.sendEvent(UFIBaseEvent.java:66) ~[?:?]
	at com.cadence.smartlog.extension.managers.NotificationManager.lambda$new$1(NotificationManager.java:124) ~[?:?]
	at com.cadence.smartlog.gui.appl.GSLDebugManager.fireCurrentFactChanged(GSLDebugManager.java:2502) ~[?:?]
	at com.cadence.smartlog.gui.appl.GSLDebugManager.lambda$currentFactChanged$38(GSLDebugManager.java:2714) ~[?:?]
	at com.cadence.ufi.flowscontrol.ControlledRunnable.run(ControlledRunnable.java:30) ~[?:?]
	at java.awt.event.InvocationEvent.dispatch(InvocationEvent.java:313) ~[?:?]
	at java.awt.EventQueue.dispatchEventImpl(EventQueue.java:770) ~[?:?]
	at java.awt.EventQueue$4.run(EventQueue.java:721) ~[?:?]
	at java.awt.EventQueue$4.run(EventQueue.java:715) ~[?:?]
	at java.security.AccessController.doPrivileged(Native Method) ~[?:?]
	at java.security.ProtectionDomain$JavaSecurityAccessImpl.doIntersectionPrivilege(ProtectionDomain.java:85) ~[?:?]
	at java.awt.EventQueue.dispatchEvent(EventQueue.java:740) ~[?:?]
	at java.awt.EventDispatchThread.pumpOneEventForFilters(EventDispatchThread.java:203) ~[?:?]
	at java.awt.EventDispatchThread.pumpEventsForFilter(EventDispatchThread.java:124) ~[?:?]
	at java.awt.EventDispatchThread.pumpEventsForHierarchy(EventDispatchThread.java:113) ~[?:?]
	at java.awt.EventDispatchThread.pumpEvents(EventDispatchThread.java:109) ~[?:?]
	at java.awt.EventDispatchThread.pumpEvents(EventDispatchThread.java:101) ~[?:?]
	at java.awt.EventDispatchThread.run(EventDispatchThread.java:90) ~[?:?]
