karaf: PID is: 782982 (this is karaf's PID. for verisium debug PID cat verisium_debug.pid in the logs directory)
Picked up _JAVA_OPTIONS:  -XX:+ExitOnOutOfMemoryError -XX:OnOutOfMemoryError="touch /nethome/amojumdar6/systolic-array-fpga/sim/verisium_debug_logs/out_of_memory_error" 
CompileCommand: exclude javax/swing/text/GlyphView.getBreakSpot
WARNING: package com.sun.java.swing.plaf.windows not in java.desktop
WARNING: sun.reflect.Reflection.getCallerClass is not supported. This will impact performance.
Loading libdac.so from /tools/software/cadence/verisiumdbg/26.05.081/tools/lib/64bit/libdac.so

Dump Strap Design DB Order:

End of dump Strap Design DB Order




in 'SimConnect::_simcontrolConnect' overlay db = null, overlayH = 0, is valid = false, operation = dapOpen, duFilename = null, isLiveSim = true
in 'JDACTBDataProvider::notifyLiveConnectionDB', sessionId = 0


**** found lwd dir to be: /nethome/amojumdar6/systolic-array-fpga/sim/xcelium.d/worklib/accelerator_top_tb/sv



**** found cdslib to be: /nethome/amojumdar6/systolic-array-fpga/sim/xcelium.d/run.d/cds.lib

in 'JDACTBDataProvider::notifyLiveConnectionDB', 'dbH' represents 'simulator' db.
PPEAttributes values:
    isAutofetch = false
    isPersistentSources = false
    isXprop = false
    cdslib = /nethome/amojumdar6/systolic-array-fpga/sim/xcelium.d/run.d/cds.lib
    snapshot = worklib.accelerator_top_tb:sv
    workdir = /nethome/amojumdar6/systolic-array-fpga/sim
    xceliumDir = /nethome/amojumdar6/systolic-array-fpga/sim/xcelium.d
    rundDir = /nethome/amojumdar6/systolic-array-fpga/sim/xcelium.d/run.d
    bits = 64
    cds_implicit_tmpdir = 
    cds_alternate_tmpdir = 
    du_agent = 
    lwddir = /nethome/amojumdar6/systolic-array-fpga/sim/xcelium.d/worklib/accelerator_top_tb/sv
    cds_alternate_cdslib = 
    elab_options = 
    found = true
    nclsRun = false
    includeCdslib = true
    nclsOpts =  -snapshot -cdslib /nethome/amojumdar6/systolic-array-fpga/sim/xcelium.d/run.d/cds.lib -64
    isMceMode = false
    isMceInvolved = false
    mceLshmDbPath = 
    lowPowerInformationAvailable = false
    hasLshmFile = false
    workdirIsDirectory = true
    hasOverlayRelatedInformation = true
    cds_implicit_tmplib = 
    cds_other_implicit_tmplibs = 


Dump Strap Design DB Order:

Strap design: simulator, designH = 8
No associated duAgent/IPPE process with this Strap design.

End of dump Strap Design DB Order


in 'JDACTBDataProvider::openDBInner', dbPath = /nethome/amojumdar6/systolic-array-fpga/sim/ida.db/ida.shm, getExplicitLwdFlag() = null


**** found lwd dir to be: /nethome/amojumdar6/systolic-array-fpga/sim/xcelium.d/worklib/accelerator_top_tb/sv



**** found cdslib to be: /nethome/amojumdar6/systolic-array-fpga/sim/xcelium.d/run.d/cds.lib

in 'SimConnect::loadSnapshotHelper', database handle 'ida' is already associated with the design. skipping process creation.

Dump Strap Design DB Order:

Strap design: simulator, designH = 8
 --> ida, dbH = 51, db_kind = SST2, path = /nethome/amojumdar6/systolic-array-fpga/sim/ida.db/ida.shm/ida.dsn, typeH = 4, session_id = 'ece-linlabsrv01|x86_64|782800|1781809151|0'
No associated duAgent/IPPE process with this Strap design.

End of dump Strap Design DB Order


in 'JDACTBDataProvider::openDBInner', dbPath = /nethome/amojumdar6/systolic-array-fpga/sim/waves.shm, getExplicitLwdFlag() = null


**** found lwd dir to be: /nethome/amojumdar6/systolic-array-fpga/sim/xcelium.d/worklib/accelerator_top_tb/sv



**** found cdslib to be: /nethome/amojumdar6/systolic-array-fpga/sim/xcelium.d/run.d/cds.lib

in 'SimConnect::loadSnapshotHelper', database handle 'waves' is already associated with the design. skipping process creation.

Dump Strap Design DB Order:

Strap design: simulator, designH = 8
 --> ida, dbH = 51, db_kind = SST2, path = /nethome/amojumdar6/systolic-array-fpga/sim/ida.db/ida.shm/ida.dsn, typeH = 4, session_id = 'ece-linlabsrv01|x86_64|782800|1781809151|0'
 --> waves, dbH = 52, db_kind = SST2, path = /nethome/amojumdar6/systolic-array-fpga/sim/waves.shm/waves.dsn, typeH = 4, session_id = 'ece-linlabsrv01|x86_64|782800|1781809151|0'
No associated duAgent/IPPE process with this Strap design.

End of dump Strap Design DB Order




in 'JDACTBDataProvider::openDBInner', dbPath = /nethome/amojumdar6/systolic-array-fpga/sim/waves.shm, getExplicitLwdFlag() = null

Dump Strap Design DB Order:

Strap design: simulator, designH = 8
 --> ida, dbH = 51, db_kind = SST2, path = /nethome/amojumdar6/systolic-array-fpga/sim/ida.db/ida.shm/ida.dsn, typeH = 4, session_id = 'ece-linlabsrv01|x86_64|782800|1781809151|0'
 --> waves, dbH = 52, db_kind = SST2, path = /nethome/amojumdar6/systolic-array-fpga/sim/waves.shm/waves.dsn, typeH = 4, session_id = 'ece-linlabsrv01|x86_64|782800|1781809151|0'
No associated duAgent/IPPE process with this Strap design.

End of dump Strap Design DB Order


in 'JDACTBDataProvider::openDBInner', dbPath = /nethome/amojumdar6/systolic-array-fpga/sim/ida.db/ida.shm, getExplicitLwdFlag() = null

Dump Strap Design DB Order:

Strap design: simulator, designH = 8
 --> ida, dbH = 51, db_kind = SST2, path = /nethome/amojumdar6/systolic-array-fpga/sim/ida.db/ida.shm/ida.dsn, typeH = 4, session_id = 'ece-linlabsrv01|x86_64|782800|1781809151|0'
 --> waves, dbH = 52, db_kind = SST2, path = /nethome/amojumdar6/systolic-array-fpga/sim/waves.shm/waves.dsn, typeH = 4, session_id = 'ece-linlabsrv01|x86_64|782800|1781809151|0'
No associated duAgent/IPPE process with this Strap design.

End of dump Strap Design DB Order


in 'JDACTBDataProvider::openDBInner', dbPath = ida.db/ida.shm, getExplicitLwdFlag() = null

Dump Strap Design DB Order:

Strap design: simulator, designH = 8
 --> ida, dbH = 51, db_kind = SST2, path = /nethome/amojumdar6/systolic-array-fpga/sim/ida.db/ida.shm/ida.dsn, typeH = 4, session_id = 'ece-linlabsrv01|x86_64|782800|1781809151|0'
 --> waves, dbH = 52, db_kind = SST2, path = /nethome/amojumdar6/systolic-array-fpga/sim/waves.shm/waves.dsn, typeH = 4, session_id = 'ece-linlabsrv01|x86_64|782800|1781809151|0'
No associated duAgent/IPPE process with this Strap design.

End of dump Strap Design DB Order


GOT COMMAND: 



Scripting Service started, listening on port 37563...




**** found lwd dir to be: /nethome/amojumdar6/systolic-array-fpga/sim/xcelium.d/worklib/accelerator_top_tb/sv



**** found cdslib to be: /nethome/amojumdar6/systolic-array-fpga/sim/xcelium.d/run.d/cds.lib



**** found lwd dir to be: /nethome/amojumdar6/systolic-array-fpga/sim/xcelium.d/worklib/accelerator_top_tb/sv



**** found cdslib to be: /nethome/amojumdar6/systolic-array-fpga/sim/xcelium.d/run.d/cds.lib



**** found lwd dir to be: /nethome/amojumdar6/systolic-array-fpga/sim/xcelium.d/worklib/accelerator_top_tb/sv



**** found cdslib to be: /nethome/amojumdar6/systolic-array-fpga/sim/xcelium.d/run.d/cds.lib



**** found lwd dir to be: /nethome/amojumdar6/systolic-array-fpga/sim/xcelium.d/worklib/accelerator_top_tb/sv



**** found cdslib to be: /nethome/amojumdar6/systolic-array-fpga/sim/xcelium.d/run.d/cds.lib



**** found lwd dir to be: /nethome/amojumdar6/systolic-array-fpga/sim/xcelium.d/worklib/accelerator_top_tb/sv



**** found cdslib to be: /nethome/amojumdar6/systolic-array-fpga/sim/xcelium.d/run.d/cds.lib



**** found lwd dir to be: /nethome/amojumdar6/systolic-array-fpga/sim/xcelium.d/worklib/accelerator_top_tb/sv



**** found cdslib to be: /nethome/amojumdar6/systolic-array-fpga/sim/xcelium.d/run.d/cds.lib



**** found lwd dir to be: /nethome/amojumdar6/systolic-array-fpga/sim/xcelium.d/worklib/accelerator_top_tb/sv



**** found cdslib to be: /nethome/amojumdar6/systolic-array-fpga/sim/xcelium.d/run.d/cds.lib



**** found lwd dir to be: /nethome/amojumdar6/systolic-array-fpga/sim/xcelium.d/worklib/accelerator_top_tb/sv



**** found cdslib to be: /nethome/amojumdar6/systolic-array-fpga/sim/xcelium.d/run.d/cds.lib

15:00:36:036 [com.cadence.ufi.common.EventHandlerWithExceptionLogging] [AWT-EventQueue-1] ERROR - caught exception inside handleEvent Method.:java.lang.NumberFormatException: Bad time format(1) "-0.469237" from input "-0.469237" with default units: NS
15:00:36:036 [com.cadence.ufi.common.EventHandlerWithExceptionLogging] [AWT-EventQueue-1] ERROR - caught exception inside handleEvent Method.
java.lang.NumberFormatException: Bad time format(1) "-0.469237" from input "-0.469237" with default units: NS
	at com.cadence.indago.dal.xval.TimePoint.parse(TimePoint.java:149) ~[?:?]
	at com.cadence.indago.dal.xval.TimePoint.<init>(TimePoint.java:84) ~[?:?]
	at com.cadence.indago.dal.xval.TimePoint.getTimePoint(TimePoint.java:322) ~[?:?]
	at com.cadence.indago.waveform2.util.MarkerHandler.lambda$new$0(MarkerHandler.java:164) ~[?:?]
	at com.cadence.ufi.common.UFIBaseEvent.lambda$wrapWithOriginalEventFix$0(UFIBaseEvent.java:116) ~[?:?]
	at com.cadence.ufi.common.EventHandlerWithExceptionLogging.handleEvent(EventHandlerWithExceptionLogging.java:23) ~[?:?]
	at org.apache.felix.eventadmin.impl.handler.EventHandlerProxy.sendEvent(EventHandlerProxy.java:432) ~[!/:?]
	at org.apache.felix.eventadmin.impl.tasks.HandlerTask.runWithoutDenylistTiming(HandlerTask.java:82) ~[?:?]
	at org.apache.felix.eventadmin.impl.tasks.SyncDeliverTasks.execute(SyncDeliverTasks.java:107) ~[!/:?]
	at org.apache.felix.eventadmin.impl.handler.EventAdminImpl.sendEvent(EventAdminImpl.java:196) ~[!/:?]
	at org.apache.felix.eventadmin.impl.security.EventAdminSecurityDecorator.sendEvent(EventAdminSecurityDecorator.java:96) ~[!/:?]
	at com.cadence.ufi.common.UFIBaseEvent.sendEvent(UFIBaseEvent.java:66) ~[?:?]
	at com.cadence.smartlog.extension.managers.NotificationManager.lambda$new$1(NotificationManager.java:124) ~[?:?]
	at com.cadence.smartlog.gui.appl.GSLDebugManager.fireCurrentFactChanged(GSLDebugManager.java:2502) ~[?:?]
	at com.cadence.smartlog.gui.appl.GSLDebugManager.lambda$currentFactChanged$38(GSLDebugManager.java:2714) ~[?:?]
	at com.cadence.ufi.flowscontrol.ControlledRunnable.run(ControlledRunnable.java:30) ~[?:?]
	at java.awt.event.InvocationEvent.dispatch(InvocationEvent.java:313) ~[?:?]
	at java.awt.EventQueue.dispatchEventImpl(EventQueue.java:770) ~[?:?]
	at java.awt.EventQueue$4.run(EventQueue.java:721) ~[?:?]
	at java.awt.EventQueue$4.run(EventQueue.java:715) ~[?:?]
	at java.security.AccessController.doPrivileged(Native Method) ~[?:?]
	at java.security.ProtectionDomain$JavaSecurityAccessImpl.doIntersectionPrivilege(ProtectionDomain.java:85) ~[?:?]
	at java.awt.EventQueue.dispatchEvent(EventQueue.java:740) ~[?:?]
	at java.awt.EventDispatchThread.pumpOneEventForFilters(EventDispatchThread.java:203) ~[?:?]
	at java.awt.EventDispatchThread.pumpEventsForFilter(EventDispatchThread.java:124) ~[?:?]
	at java.awt.EventDispatchThread.pumpEventsForHierarchy(EventDispatchThread.java:113) ~[?:?]
	at java.awt.EventDispatchThread.pumpEvents(EventDispatchThread.java:109) ~[?:?]
	at java.awt.EventDispatchThread.pumpEvents(EventDispatchThread.java:101) ~[?:?]
	at java.awt.EventDispatchThread.run(EventDispatchThread.java:90) ~[?:?]
15:00:36:036 [com.cadence.ufi.common.EventHandlerWithExceptionLogging] [AWT-EventQueue-1] ERROR - caught exception inside handleEvent Method.:java.lang.NumberFormatException: Bad time format(1) "-0.469237" from input "-0.469237(0)NS" with default units: NONE
15:00:36:036 [com.cadence.ufi.common.EventHandlerWithExceptionLogging] [AWT-EventQueue-1] ERROR - caught exception inside handleEvent Method.
java.lang.NumberFormatException: Bad time format(1) "-0.469237" from input "-0.469237(0)NS" with default units: NONE
	at com.cadence.indago.dal.xval.TimePoint.parse(TimePoint.java:149) ~[?:?]
	at com.cadence.indago.dal.xval.TimePoint.parse(TimePoint.java:99) ~[?:?]
	at com.cadence.indago.dal.xval.TimePoint.<init>(TimePoint.java:80) ~[?:?]
	at com.cadence.indago.dal.xval.TimePoint.getTimePoint(TimePoint.java:271) ~[?:?]
	at com.cadence.indago.waveform2.service.WaveTracePreview.getCDLDrawingInfo(WaveTraceService.java:408) ~[?:?]
	at com.cadence.indago.waveform2.service.WaveTracePreview.doRefresh(WaveTraceService.java:303) ~[?:?]
	at com.cadence.indago.waveform2.ui.WaveTraceViewBase.refreshTrace(WaveTraceViewBase.java:343) ~[?:?]
	at com.cadence.indago.waveform2.service.WaveTracePreview.refreshTrace(WaveTraceService.java:381) ~[?:?]
	at com.cadence.indago.waveform2.service.WaveTracePreview.lambda$new$2(WaveTraceService.java:274) ~[?:?]
	at com.cadence.ufi.common.UFIBaseEvent.lambda$wrapWithOriginalEventFix$0(UFIBaseEvent.java:116) ~[?:?]
	at com.cadence.ufi.common.EventHandlerWithExceptionLogging.handleEvent(EventHandlerWithExceptionLogging.java:23) ~[?:?]
	at org.apache.felix.eventadmin.impl.handler.EventHandlerProxy.sendEvent(EventHandlerProxy.java:432) ~[!/:?]
	at org.apache.felix.eventadmin.impl.tasks.HandlerTask.runWithoutDenylistTiming(HandlerTask.java:82) ~[?:?]
	at org.apache.felix.eventadmin.impl.tasks.SyncDeliverTasks.execute(SyncDeliverTasks.java:107) ~[!/:?]
	at org.apache.felix.eventadmin.impl.handler.EventAdminImpl.sendEvent(EventAdminImpl.java:196) ~[!/:?]
	at org.apache.felix.eventadmin.impl.security.EventAdminSecurityDecorator.sendEvent(EventAdminSecurityDecorator.java:96) ~[!/:?]
	at com.cadence.ufi.common.UFIBaseEvent.sendEvent(UFIBaseEvent.java:66) ~[?:?]
	at com.cadence.smartlog.extension.managers.NotificationManager.lambda$new$1(NotificationManager.java:124) ~[?:?]
	at com.cadence.smartlog.gui.appl.GSLDebugManager.fireCurrentFactChanged(GSLDebugManager.java:2502) ~[?:?]
	at com.cadence.smartlog.gui.appl.GSLDebugManager.lambda$currentFactChanged$38(GSLDebugManager.java:2714) ~[?:?]
	at com.cadence.ufi.flowscontrol.ControlledRunnable.run(ControlledRunnable.java:30) ~[?:?]
	at java.awt.event.InvocationEvent.dispatch(InvocationEvent.java:313) ~[?:?]
	at java.awt.EventQueue.dispatchEventImpl(EventQueue.java:770) ~[?:?]
	at java.awt.EventQueue$4.run(EventQueue.java:721) ~[?:?]
	at java.awt.EventQueue$4.run(EventQueue.java:715) ~[?:?]
	at java.security.AccessController.doPrivileged(Native Method) ~[?:?]
	at java.security.ProtectionDomain$JavaSecurityAccessImpl.doIntersectionPrivilege(ProtectionDomain.java:85) ~[?:?]
	at java.awt.EventQueue.dispatchEvent(EventQueue.java:740) ~[?:?]
	at java.awt.EventDispatchThread.pumpOneEventForFilters(EventDispatchThread.java:203) ~[?:?]
	at java.awt.EventDispatchThread.pumpEventsForFilter(EventDispatchThread.java:124) ~[?:?]
	at java.awt.EventDispatchThread.pumpEventsForHierarchy(EventDispatchThread.java:113) ~[?:?]
	at java.awt.EventDispatchThread.pumpEvents(EventDispatchThread.java:109) ~[?:?]
	at java.awt.EventDispatchThread.pumpEvents(EventDispatchThread.java:101) ~[?:?]
	at java.awt.EventDispatchThread.run(EventDispatchThread.java:90) ~[?:?]
15:00:36:036 [com.cadence.ufi.common.EventHandlerWithExceptionLogging] [AWT-EventQueue-1] ERROR - caught exception inside handleEvent Method.:java.lang.NumberFormatException: Bad time format(1) "-0.469237" from input "-0.469237" with default units: NS
15:00:36:036 [com.cadence.ufi.common.EventHandlerWithExceptionLogging] [AWT-EventQueue-1] ERROR - caught exception inside handleEvent Method.
java.lang.NumberFormatException: Bad time format(1) "-0.469237" from input "-0.469237" with default units: NS
	at com.cadence.indago.dal.xval.TimePoint.parse(TimePoint.java:149) ~[?:?]
	at com.cadence.indago.dal.xval.TimePoint.<init>(TimePoint.java:84) ~[?:?]
	at com.cadence.indago.dal.xval.TimePoint.getTimePoint(TimePoint.java:322) ~[?:?]
	at com.cadence.indago.markers.MarkerManager.lambda$new$0(MarkerManager.java:68) ~[?:?]
	at com.cadence.ufi.common.UFIBaseEvent.lambda$wrapWithOriginalEventFix$0(UFIBaseEvent.java:116) ~[?:?]
	at com.cadence.ufi.common.EventHandlerWithExceptionLogging.handleEvent(EventHandlerWithExceptionLogging.java:23) ~[?:?]
	at org.apache.felix.eventadmin.impl.handler.EventHandlerProxy.sendEvent(EventHandlerProxy.java:432) ~[!/:?]
	at org.apache.felix.eventadmin.impl.tasks.HandlerTask.runWithoutDenylistTiming(HandlerTask.java:82) ~[?:?]
	at org.apache.felix.eventadmin.impl.tasks.SyncDeliverTasks.execute(SyncDeliverTasks.java:107) ~[!/:?]
	at org.apache.felix.eventadmin.impl.handler.EventAdminImpl.sendEvent(EventAdminImpl.java:196) ~[!/:?]
	at org.apache.felix.eventadmin.impl.security.EventAdminSecurityDecorator.sendEvent(EventAdminSecurityDecorator.java:96) ~[!/:?]
	at com.cadence.ufi.common.UFIBaseEvent.sendEvent(UFIBaseEvent.java:66) ~[?:?]
	at com.cadence.smartlog.extension.managers.NotificationManager.lambda$new$1(NotificationManager.java:124) ~[?:?]
	at com.cadence.smartlog.gui.appl.GSLDebugManager.fireCurrentFactChanged(GSLDebugManager.java:2502) ~[?:?]
	at com.cadence.smartlog.gui.appl.GSLDebugManager.lambda$currentFactChanged$38(GSLDebugManager.java:2714) ~[?:?]
	at com.cadence.ufi.flowscontrol.ControlledRunnable.run(ControlledRunnable.java:30) ~[?:?]
	at java.awt.event.InvocationEvent.dispatch(InvocationEvent.java:313) ~[?:?]
	at java.awt.EventQueue.dispatchEventImpl(EventQueue.java:770) ~[?:?]
	at java.awt.EventQueue$4.run(EventQueue.java:721) ~[?:?]
	at java.awt.EventQueue$4.run(EventQueue.java:715) ~[?:?]
	at java.security.AccessController.doPrivileged(Native Method) ~[?:?]
	at java.security.ProtectionDomain$JavaSecurityAccessImpl.doIntersectionPrivilege(ProtectionDomain.java:85) ~[?:?]
	at java.awt.EventQueue.dispatchEvent(EventQueue.java:740) ~[?:?]
	at java.awt.EventDispatchThread.pumpOneEventForFilters(EventDispatchThread.java:203) ~[?:?]
	at java.awt.EventDispatchThread.pumpEventsForFilter(EventDispatchThread.java:124) ~[?:?]
	at java.awt.EventDispatchThread.pumpEventsForHierarchy(EventDispatchThread.java:113) ~[?:?]
	at java.awt.EventDispatchThread.pumpEvents(EventDispatchThread.java:109) ~[?:?]
	at java.awt.EventDispatchThread.pumpEvents(EventDispatchThread.java:101) ~[?:?]
	at java.awt.EventDispatchThread.run(EventDispatchThread.java:90) ~[?:?]
*** shutting down gRPC server since JVM is shutting down
*** server shut down
