14:57:02:572 [important] [features-3-thread-1] WARN  - InfoSource version is empty in getMajorMinorVersion()
14:57:02:572 [important] [features-3-thread-1] WARN  - InfoSource version not found!! skipping relevant version checks
14:57:03:573 [important] [features-3-thread-1] INFO  - xmsim gcc version is 12.4.0
14:57:03:573 [important] [features-3-thread-1] INFO  - indago gcc version is 12.4.0
14:57:03:573 [important] [TangoTaskManager-3] WARN  - An Indago Snapshot/LWD was not loaded. Scripting API functionality may be impacted.
14:57:04:574 [com.cadence.smartlog.bl.common.SLUtils] [TangoTaskManager-5] INFO  - query: 
14:57:11:5711 [user_actions] [AWT-EventQueue-1] DEBUG - refreshSchematicAttributes (SchematicActionsManager$28)

14:57:12:5712 [user_actions] [AWT-EventQueue-1] DEBUG - LiveSimulationRefreshWaveform (GSLLiveSimulationRefreshWaveformAction)

14:57:12:5712 [user_actions] [AWT-EventQueue-1] DEBUG - LiveSimulationRefreshWaveform (GSLLiveSimulationRefreshWaveformAction)

14:57:12:5712 [user_actions] [AWT-EventQueue-1] DEBUG - LiveSimulationRefreshWaveform (GSLLiveSimulationRefreshWaveformAction)

14:57:12:5712 [user_actions] [AWT-EventQueue-1] DEBUG - LiveSimulationRefreshWaveform (GSLLiveSimulationRefreshWaveformAction)

14:57:12:5712 [user_actions] [AWT-EventQueue-1] DEBUG - LiveSimulationRefreshWaveform (GSLLiveSimulationRefreshWaveformAction)

14:57:22:5722 [user_actions] [AWT-EventQueue-1] DEBUG - Keep current (GUFIQuestionDialog$1)
	dialog = restoreLayoutsDialog (GUFIQuestionDialog)

14:57:22:5722 [important] [TangoTaskManager-3] INFO  - ScriptingActivator while loop has finished
14:57:23:5723 [user_actions] [AWT-EventQueue-1] DEBUG - refreshSchematicAttributes (SchematicActionsManager$28)

14:57:45:5745 [user_actions] [AWT-EventQueue-1] DEBUG - run (GSLInteractiveRunPanel$5)

14:57:45:5745 [user_actions] [AWT-EventQueue-1] DEBUG - RUN_FORWARD (GSLDebugStepAction)

14:57:45:5745 [user_actions] [AWT-EventQueue-1] DEBUG - LiveSimulationRefreshWaveform (GSLLiveSimulationRefreshWaveformAction)

14:58:01:581 [user_actions] [AWT-EventQueue-1] DEBUG - sendToWaveformActionSet (GSLSendToWaveActionSet)
	source = designTopsTreeTable_topsSignalsTreeTable
	entity = accelerator_top_tb.clk

14:58:13:5813 [user_actions] [AWT-EventQueue-1] DEBUG - sendToWaveformActionSet (GSLSendToWaveActionSet)
	source = designTopsTreeTable_topsSignalsTreeTable
	entity = accelerator_top_tb.uart_rx

14:58:19:5819 [user_actions] [AWT-EventQueue-1] DEBUG - TraceCause (TraceCauseWaveAction)
	cellY = 389.0

14:58:23:5823 [user_actions] [AWT-EventQueue-1] DEBUG - TraceCause (TraceCauseWaveAction)
	cellY = 394.0

14:58:31:5831 [user_actions] [AWT-EventQueue-1] DEBUG - TraceCause (TraceCauseWaveAction)
	cellY = 400.0

14:58:32:5832 [user_actions] [AWT-EventQueue-1] DEBUG - TraceCause (TraceCauseWaveAction)
	cellY = 4.0
	targetRow = 0(clk)

14:58:34:5834 [user_actions] [AWT-EventQueue-1] DEBUG - TraceCause (TraceCauseWaveAction)
	cellY = 398.0

14:58:42:5842 [user_actions] [AWT-EventQueue-1] DEBUG - OK (GUFIQuestionDialog$1)
	dialog = confirmExitDlg (GUFIQuestionDialog)

