xrun(64): 25.03-s003: (c) Copyright 1995-2025 Cadence Design Systems, Inc.
TOOL:	xrun(64)	25.03-s003: Started on Jun 18, 2026 at 15:17:45 EDT
xrun
	-64bit
	-sv
	-f filelist_accelerator.f
		-timescale 1ns/1ps
		../rtl/pe.sv
		../rtl/matrix_bram.sv
		../rtl/matrix_memories.sv
		../rtl/systolic_controller.sv
		../rtl/systolic_array_4x4.sv
		../rtl/uart_rx.sv
		../rtl/uart_tx.sv
		../rtl/host_uart_cmd.sv
		../rtl/accelerator_top.sv
		../tb/accelerator_top_tb.sv
	-top accelerator_top_tb
	-access +rwc
	-timescale 1ns/1ps
	-l /nethome/amojumdar6/systolic-array-fpga/sim/results/logs/accelerator_top_tb.log
xrun: *W,WKWTLK: Waiting for a Exclusive lock on file '/nethome/amojumdar6/systolic-array-fpga/sim/xcelium.d/run.lnx8664.25.03.d/.xmlib.lock'. pid:113210.

Additional info:
TOOL:	xrun(64)	25.03-s003 (CL: 779937 ), ece-rschsrv.ece.gatech.edu, Linux 4.18.0-553.124.1.el8_10.x86_64 #1 SMP Mon May 11 07:30:18 EDT 2026 x86_64
file: ../rtl/pe.sv
	module worklib.pe:sv
		errors: 0, warnings: 0
file: ../rtl/matrix_bram.sv
	module worklib.matrix_bram:sv
		errors: 0, warnings: 0
file: ../rtl/matrix_memories.sv
	module worklib.matrix_memories:sv
		errors: 0, warnings: 0
file: ../rtl/systolic_controller.sv
	module worklib.systolic_controller:sv
		errors: 0, warnings: 0
file: ../rtl/systolic_array_4x4.sv
	module worklib.systolic_array_4x4:sv
		errors: 0, warnings: 0
file: ../rtl/uart_rx.sv
	module worklib.uart_rx:sv
		errors: 0, warnings: 0
file: ../rtl/uart_tx.sv
	module worklib.uart_tx:sv
		errors: 0, warnings: 0
file: ../rtl/host_uart_cmd.sv
	module worklib.host_uart_cmd:sv
		errors: 0, warnings: 0
file: ../rtl/accelerator_top.sv
	module worklib.accelerator_top:sv
		errors: 0, warnings: 0
file: ../tb/accelerator_top_tb.sv
	module worklib.accelerator_top_tb:sv
		errors: 0, warnings: 0
	Elaborating the design hierarchy:
		Caching library 'worklib' ....... Done
	Top level design units:
		accelerator_top_tb
	Building instance overlay tables: .................... Done
	Generating native compiled code:
		worklib.pe:sv <0x1ffe55b5>
			streams:   5, words:  1752
		worklib.systolic_controller:sv <0x2fce39f5>
			streams:  16, words: 13025
		worklib.matrix_bram:sv <0x23d07209>
			streams:   3, words:  1134
		worklib.matrix_memories:sv <0x1f91890c>
			streams:   3, words:  1233
		worklib.host_uart_cmd:sv <0x6cd36bb5>
			streams:  24, words: 12952
		worklib.uart_tx:sv <0x29f8a05a>
			streams:   7, words:  4260
		worklib.uart_rx:sv <0x05f1cf87>
			streams:  11, words:  5360
		worklib.accelerator_top:sv <0x41d7e83b>
			streams:  65, words: 22699
		worklib.accelerator_top_tb:sv <0x301da0d4>
			streams:  25, words: 34791
		worklib.systolic_array_4x4:sv <0x78148857>
			streams:   8, words:  3047
		worklib.matrix_bram:sv <0x67c9de8f>
			streams:   3, words:  1189
	Building instance specific data structures.
	Loading native compiled code:     .................... Done
	Design hierarchy summary:
		                 Instances  Unique
		Modules:                27      10
		Registers:             235     171
		Scalar wires:           51       -
		Vectored wires:        227       -
		Always blocks:          31      14
		Initial blocks:          2       2
		Cont. assignments:      52      19
		Pseudo assignments:    141       -
		Process Clocks:         27       1
		Simulation timescale:  1ps
	Writing initial simulation snapshot: worklib.accelerator_top_tb:sv
Loading snapshot worklib.accelerator_top_tb:sv .................... Done
xcelium> source /tools/software/cadence/xcelium/latest/tools/xcelium/files/xmsimrc
xcelium> run
compute done: received 'D'
identity IxI: C matrix PASS
compute done: received 'D'
small 4x4: C matrix PASS
accelerator_top_tb: ALL TESTS PASSED
Simulation complete via $finish(1) at time 39098005 NS + 0
../tb/accelerator_top_tb.sv:313             $finish;
xcelium> exit
TOOL:	xrun(64)	25.03-s003: Exiting on Jun 18, 2026 at 15:18:02 EDT  (total: 00:00:17)
