xrun(64): 25.03-s003: (c) Copyright 1995-2025 Cadence Design Systems, Inc.
TOOL:	xrun(64)	25.03-s003: Started on Jun 18, 2026 at 10:33:05 EDT
xrun
	-64bit
	-sv
	-f filelist_controller.f
		-timescale 1ns/1ps
		../rtl/pe.sv
		../rtl/matrix_bram.sv
		../rtl/matrix_memories.sv
		../rtl/systolic_controller.sv
		../rtl/systolic_array_4x4.sv
		../tb/controller_array_tb.sv
	-top controller_array_tb
	-access +rwc
	-linedebug
	-input probes_controller.tcl
	-gui
	-debug_opts verisium_interactive
		-source_debug
		-lwdgen
		-classlinedebug
		-enable_tpe
		-gui
		-verisium
		-ext_src_info
		-ext_macro_src_info
		-disable_xform
	-timescale 1ns/1ps
	-l results/logs/controller_array_tb_gui.log
xrun: *W,BADPRF: The -linedebug option may have an adverse performance impact.
file: ../rtl/pe.sv
	module worklib.pe:sv
		errors: 0, warnings: 0
file: ../rtl/matrix_bram.sv
	module worklib.matrix_bram:sv
		errors: 0, warnings: 0
file: ../rtl/matrix_memories.sv
	module worklib.matrix_memories:sv
		errors: 0, warnings: 0
file: ../rtl/systolic_controller.sv
	module worklib.systolic_controller:sv
		errors: 0, warnings: 0
file: ../rtl/systolic_array_4x4.sv
	module worklib.systolic_array_4x4:sv
		errors: 0, warnings: 0
file: ../tb/controller_array_tb.sv
        #1step;
             |
xmvlog: *W,SAWSTP (../tb/controller_array_tb.sv,152|13): Time unit "step" seen in literal - using local precision.
        #1step;
             |
xmvlog: *W,SAWSTP (../tb/controller_array_tb.sv,162|13): Time unit "step" seen in literal - using local precision.
        #1step;
             |
xmvlog: *W,SAWSTP (../tb/controller_array_tb.sv,179|13): Time unit "step" seen in literal - using local precision.
        #1step;
             |
xmvlog: *W,SAWSTP (../tb/controller_array_tb.sv,184|13): Time unit "step" seen in literal - using local precision.
	module worklib.controller_array_tb:sv
		errors: 0, warnings: 4
	Elaborating the design hierarchy:
		Caching library 'worklib' ....... Done
	Top level design units:
		controller_array_tb
	Building instance overlay tables: .................... Done
	Generating native compiled code:
		worklib.pe:sv <0x66b08150>
			streams:   9, words:  3337
		worklib.systolic_controller:sv <0x7a013e93>
			streams:  45, words: 33264
		worklib.matrix_bram:sv <0x2d00532f>
			streams:   3, words:  1547
		worklib.matrix_bram:sv <0x69f0d1ac>
			streams:   3, words:  1583
		worklib.matrix_memories:sv <0x209ad707>
			streams:   3, words:  1503
		worklib.controller_array_tb:sv <0x0a7c50a0>
			streams:  57, words: 62134
		worklib.systolic_array_4x4:sv <0x72757821>
			streams:   8, words:  6713
xmelab: *W,DLLSVW: Unable to list the views of rfLib.cdsinit (System error).
xmelab: *W,DLLSVW: Unable to list the views of rfLib.README (System error).
xmelab: *W,DLLSVW: Unable to list the views of rfLib.GNUmakefile (System error).
	Building instance specific data structures.
	Loading native compiled code:     .................... Done
	Design hierarchy summary:
		                 Instances  Unique
		Modules:                23       6
		Registers:             168     104
		Scalar wires:           25       -
		Vectored wires:        211       -
		Always blocks:          23       6
		Initial blocks:          2       2
		Cont. assignments:      56      20
		Pseudo assignments:    118       -
		Simulation timescale:  1ps
	Writing initial simulation snapshot: worklib.controller_array_tb:sv
	Parallel LWD Data Generation
	Generating Debug Data:
		LWD Database path: (/nethome/amojumdar6/systolic-array-fpga/sim/xcelium.d/worklib/controller_array_tb/sv/debug_db/controller_array_tb)
		Power Aware Instances:                    0
		Liberty Instances:                        0
		Out Of Module References:                 0
		Assertions:                               0
		Liberty Information:
			PG Pins:	                  0
			Liberty Pins:	                  0
xmsim: *W,NOMTDGUI: Multi-Threaded Dumping is disabled for interactive debug mode.

-------------------------------------
Relinquished control to Verisium Debug...
xcelium> 
xcelium> source /tools/software/cadence/xcelium/latest/tools/xcelium/files/xmsimrc
xcelium> # Waveform probes for controller_array_tb
xcelium> # BRAM + systolic_controller + systolic_array_4x4 integration
xcelium> 
xcelium> database -open waves -shm -default
Created default SHM database waves
xcelium> 
xcelium> # --- TB control / handshake ---
xcelium> probe -create -shm controller_array_tb.clk
Created probe 1
xcelium> probe -create -shm controller_array_tb.rst
Created probe 2
xcelium> probe -create -shm controller_array_tb.start
Created probe 3
xcelium> probe -create -shm controller_array_tb.done
Created probe 4
xcelium> probe -create -shm controller_array_tb.busy
Created probe 5
xcelium> probe -create -shm controller_array_tb.array_clear
Created probe 6
xcelium> 
xcelium> # --- Address mux (TB preload vs controller ownership) ---
xcelium> probe -create -shm controller_array_tb.tb_a_we
Created probe 7
xcelium> probe -create -shm controller_array_tb.tb_b_we
Created probe 8
xcelium> probe -create -shm controller_array_tb.tb_a_addr
Created probe 9
xcelium> probe -create -shm controller_array_tb.tb_b_addr
Created probe 10
xcelium> probe -create -shm controller_array_tb.ctrl_a_addr
Created probe 11
xcelium> probe -create -shm controller_array_tb.ctrl_b_addr
Created probe 12
xcelium> probe -create -shm controller_array_tb.ctrl_c_addr
Created probe 13
xcelium> probe -create -shm controller_array_tb.a_addr
Created probe 14
xcelium> probe -create -shm controller_array_tb.b_addr
Created probe 15
xcelium> probe -create -shm controller_array_tb.c_addr
Created probe 16
xcelium> 
xcelium> # --- BRAM ports (muxed A/B, controller-owned C) ---
xcelium> probe -create -shm controller_array_tb.a_we
Created probe 17
xcelium> probe -create -shm controller_array_tb.b_we
Created probe 18
xcelium> probe -create -shm controller_array_tb.c_we
Created probe 19
xcelium> probe -create -shm controller_array_tb.a_din
Created probe 20
xcelium> probe -create -shm controller_array_tb.b_din
Created probe 21
xcelium> probe -create -shm controller_array_tb.c_din
Created probe 22
xcelium> probe -create -shm controller_array_tb.a_dout
Created probe 23
xcelium> probe -create -shm controller_array_tb.b_dout
Created probe 24
xcelium> probe -create -shm controller_array_tb.c_dout
Created probe 25
xcelium> 
xcelium> # --- Systolic array boundary ---
xcelium> probe -create -shm controller_array_tb.a_left
Created probe 26
xcelium> probe -create -shm controller_array_tb.b_top
Created probe 27
xcelium> probe -create -shm controller_array_tb.c_out
Created probe 28
xcelium> 
xcelium> # --- Controller FSM and internal state ---
xcelium> probe -create -shm controller_array_tb.u_ctrl.state
Created probe 29
xcelium> probe -create -shm controller_array_tb.u_ctrl.load_cnt
Created probe 30
xcelium> probe -create -shm controller_array_tb.u_ctrl.inject_cnt
Created probe 31
xcelium> probe -create -shm controller_array_tb.u_ctrl.drain_cnt
Created probe 32
xcelium> probe -create -shm controller_array_tb.u_ctrl.wb_cnt
Created probe 33
xcelium> probe -create -shm controller_array_tb.u_ctrl.a_reg
Created probe 34
xcelium> probe -create -shm controller_array_tb.u_ctrl.b_reg
Created probe 35
xcelium> 
xcelium> # --- Array mesh (optional detail) ---
xcelium> probe -create -shm controller_array_tb.u_array.pe_acc
Created probe 36
xcelium> 
xcelium> # --- BRAM contents ---
xcelium> probe -create -shm controller_array_tb.u_mem.u_bram_a.mem
Created probe 37
xcelium> probe -create -shm controller_array_tb.u_mem.u_bram_b.mem
Created probe 38
xcelium> probe -create -shm controller_array_tb.u_mem.u_bram_c.mem
Created probe 39
xcelium> 
xcelium> ida_probe -wave -wave_probe_args {controller_array_tb controller_array_tb.u_ctrl controller_array_tb.u_array controller_array_tb.u_mem}
database -open ida.db/ida.shm 
Created SHM database ida.db/ida.shm

database -setdefault ida.db/ida.shm
ida.db/ida.shm is set as default SHM database

probe controller_array_tb controller_array_tb.u_ctrl controller_array_tb.u_array controller_array_tb.u_mem -emptyok
Created probe 40

xcelium> 
xcelium> puts "probes_controller.tcl: controller integration signals probed into waves.shm"
probes_controller.tcl: controller integration signals probed into waves.shm
xcelium> 
xcelium> 
xcelium> run
identity IxI: c_out PASS
small 4x4: c_out PASS
controller_array_tb: ALL TESTS PASSED
Simulation complete via $finish(1) at time 2005001 PS + 0
../tb/controller_array_tb.sv:230         $finish;
xcelium> exit
TOOL:	xrun(64)	25.03-s003: Exiting on Jun 18, 2026 at 11:52:53 EDT  (total: 01:19:48)
