xrun(64): 25.03-s003: (c) Copyright 1995-2025 Cadence Design Systems, Inc.
TOOL:	xrun(64)	25.03-s003: Started on Jun 17, 2026 at 16:33:06 EDT
xrun
	-64bit
	-sv
	-f filelist_bram.f
		-timescale 1ns/1ps
		../rtl/matrix_bram.sv
		../rtl/matrix_memories.sv
		../tb/matrix_bram_tb.sv
	-top matrix_bram_tb
	-access +rwc
	-timescale 1ns/1ps
	-l /nethome/amojumdar6/systolic-array-fpga/sim/results/logs/matrix_bram_tb.log
xrun: *W,WKWTLK: Waiting for a Exclusive lock on file '/nethome/amojumdar6/systolic-array-fpga/sim/xcelium.d/run.lnx8664.25.03.d/.xmlib.lock'. pid:702417.

Additional info:
TOOL:	xrun(64)	25.03-s003 (CL: 779937 ), ece-rschsrv.ece.gatech.edu, Linux 4.18.0-553.124.1.el8_10.x86_64 #1 SMP Mon May 11 07:30:18 EDT 2026 x86_64
file: ../rtl/matrix_bram.sv
	module worklib.matrix_bram:sv
		errors: 0, warnings: 0
file: ../rtl/matrix_memories.sv
	module worklib.matrix_memories:sv
		errors: 0, warnings: 0
file: ../tb/matrix_bram_tb.sv
        #1step;
             |
xmvlog: *W,SAWSTP (../tb/matrix_bram_tb.sv,78|13): Time unit "step" seen in literal - using local precision.
        #1step;
             |
xmvlog: *W,SAWSTP (../tb/matrix_bram_tb.sv,88|13): Time unit "step" seen in literal - using local precision.
        #1step;
             |
xmvlog: *W,SAWSTP (../tb/matrix_bram_tb.sv,98|13): Time unit "step" seen in literal - using local precision.
        #1step;
             |
xmvlog: *W,SAWSTP (../tb/matrix_bram_tb.sv,108|13): Time unit "step" seen in literal - using local precision.
        #1step;
             |
xmvlog: *W,SAWSTP (../tb/matrix_bram_tb.sv,118|13): Time unit "step" seen in literal - using local precision.
        #1step;
             |
xmvlog: *W,SAWSTP (../tb/matrix_bram_tb.sv,128|13): Time unit "step" seen in literal - using local precision.
	module worklib.matrix_bram_tb:sv
		errors: 0, warnings: 6
	Elaborating the design hierarchy:
		Caching library 'worklib' ....... Done
	Top level design units:
		matrix_bram_tb
	Building instance overlay tables: .................... Done
	Generating native compiled code:
		worklib.matrix_bram:sv <0x23d07209>
			streams:   3, words:  1134
		worklib.matrix_bram:sv <0x6720f08a>
			streams:   3, words:  1189
		worklib.matrix_memories:sv <0x1f91890c>
			streams:   3, words:  1233
		worklib.matrix_bram_tb:sv <0x1764adca>
			streams:  28, words: 34101
	Building instance specific data structures.
	Loading native compiled code:     .................... Done
	Design hierarchy summary:
		                 Instances  Unique
		Modules:                 5       3
		Registers:              60      56
		Scalar wires:            4       -
		Vectored wires:         18       -
		Always blocks:           4       2
		Initial blocks:          2       2
		Pseudo assignments:     16       -
		Process Clocks:          3       1
		Simulation timescale:  1ps
	Writing initial simulation snapshot: worklib.matrix_bram_tb:sv
Loading snapshot worklib.matrix_bram_tb:sv .................... Done
xcelium> source /tools/software/cadence/xcelium/latest/tools/xcelium/files/xmsimrc
xcelium> run
matrix_bram_tb: Bank A PASS
matrix_bram_tb: Bank B PASS
matrix_bram_tb: Bank C PASS
matrix_bram_tb: ALL TESTS PASSED
Simulation complete via $finish(1) at time 985001 PS + 0
../tb/matrix_bram_tb.sv:209         $finish;
xcelium> exit
TOOL:	xrun(64)	25.03-s003: Exiting on Jun 17, 2026 at 16:33:25 EDT  (total: 00:00:19)
