xrun(64): 25.03-s003: (c) Copyright 1995-2025 Cadence Design Systems, Inc.
TOOL:	xrun(64)	25.03-s003: Started on Jun 16, 2026 at 19:20:02 EDT
xrun
	-64bit
	-sv
	-f filelist.f
		-timescale 1ns/1ps
		../rtl/pe.sv
		../tb/pe_tb.sv
	-top pe_tb
	-access +rwc
	-timescale 1ns/1ps
	-l /nethome/amojumdar6/systolic-array-fpga/sim/results/logs/pe_tb.log
file: ../rtl/pe.sv
	module worklib.pe:sv
		errors: 0, warnings: 0
file: ../tb/pe_tb.sv
        #1step;  // sample after NBA — same as FIFO mon_cb input #1step
             |
xmvlog: *W,SAWSTP (../tb/pe_tb.sv,64|13): Time unit "step" seen in literal - using local precision.
        #1step;
             |
xmvlog: *W,SAWSTP (../tb/pe_tb.sv,83|13): Time unit "step" seen in literal - using local precision.
        #1step;
             |
xmvlog: *W,SAWSTP (../tb/pe_tb.sv,102|13): Time unit "step" seen in literal - using local precision.
        #1step;
             |
xmvlog: *W,SAWSTP (../tb/pe_tb.sv,124|13): Time unit "step" seen in literal - using local precision.
	module worklib.pe_tb:sv
		errors: 0, warnings: 4
	Elaborating the design hierarchy:
		Caching library 'worklib' ....... Done
	Top level design units:
		pe_tb
	Building instance overlay tables: .................... Done
	Generating native compiled code:
		worklib.pe:sv <0x38cb0683>
			streams:   5, words:  1752
		worklib.pe_tb:sv <0x296da664>
			streams:  11, words: 23870
	Building instance specific data structures.
	Loading native compiled code:     .................... Done
	Design hierarchy summary:
		                 Instances  Unique
		Modules:                 2       2
		Registers:              13      13
		Scalar wires:            3       -
		Vectored wires:          9       -
		Always blocks:           2       2
		Initial blocks:          2       2
		Cont. assignments:       1       1
		Pseudo assignments:      8       -
		Process Clocks:          1       1
		Simulation timescale:  1ps
	Writing initial simulation snapshot: worklib.pe_tb:sv
Loading snapshot worklib.pe_tb:sv .................... Done
xcelium> source /tools/software/cadence/xcelium/latest/tools/xcelium/files/xmsimrc
xcelium> run
cycle 1: acc_out = 6 (expect 6)
cycle 2: acc_out = 26 (expect 26)
cycle 3: acc_out = 33 (expect 33)
pe_tb: TODO — implement MAC test (expected acc_out = 33)
pe_tb: ALL TESTS PASSED
Simulation complete via $finish(1) at time 215 NS + 0
../tb/pe_tb.sv:139         $finish;
xcelium> exit
TOOL:	xrun(64)	25.03-s003: Exiting on Jun 16, 2026 at 19:20:07 EDT  (total: 00:00:05)
