xrun(64): 25.03-s003: (c) Copyright 1995-2025 Cadence Design Systems, Inc.
TOOL:	xrun(64)	25.03-s003: Started on Jun 18, 2026 at 10:28:20 EDT
xrun
	-64bit
	-sv
	-f filelist_array.f
		-timescale 1ns/1ps
		../rtl/pe.sv
		../rtl/systolic_array_4x4.sv
		../tb/systolic_array_4x4_tb.sv
	-top systolic_array_4x4_tb
	-access +rwc
	-linedebug
	-input probes_array.tcl
	-gui
	-debug_opts verisium_interactive
		-source_debug
		-lwdgen
		-classlinedebug
		-enable_tpe
		-gui
		-verisium
		-ext_src_info
		-ext_macro_src_info
		-disable_xform
	-timescale 1ns/1ps
	-l results/logs/systolic_array_4x4_tb_gui.log
xrun: *W,BADPRF: The -linedebug option may have an adverse performance impact.
file: ../rtl/pe.sv
	module worklib.pe:sv
		errors: 0, warnings: 0
file: ../rtl/systolic_array_4x4.sv
	module worklib.systolic_array_4x4:sv
		errors: 0, warnings: 0
file: ../tb/systolic_array_4x4_tb.sv
        #1step;
             |
xmvlog: *W,SAWSTP (../tb/systolic_array_4x4_tb.sv,121|13): Time unit "step" seen in literal - using local precision.
        #1step;
             |
xmvlog: *W,SAWSTP (../tb/systolic_array_4x4_tb.sv,214|13): Time unit "step" seen in literal - using local precision.
        #1step;
             |
xmvlog: *W,SAWSTP (../tb/systolic_array_4x4_tb.sv,220|13): Time unit "step" seen in literal - using local precision.
	module worklib.systolic_array_4x4_tb:sv
		errors: 0, warnings: 3
	Elaborating the design hierarchy:
		Caching library 'worklib' ....... Done
	Top level design units:
		systolic_array_4x4_tb
	Building instance overlay tables: .................... Done
	Generating native compiled code:
		worklib.pe:sv <0x66b08150>
			streams:   9, words:  3337
		worklib.systolic_array_4x4_tb:sv <0x0a7d880a>
			streams:  16, words: 39823
		worklib.systolic_array_4x4:sv <0x72757821>
			streams:   8, words:  6713
xmelab: *W,DLLSVW: Unable to list the views of rfLib.cdsinit (System error).
xmelab: *W,DLLSVW: Unable to list the views of rfLib.README (System error).
xmelab: *W,DLLSVW: Unable to list the views of rfLib.GNUmakefile (System error).
	Building instance specific data structures.
	Loading native compiled code:     .................... Done
	Design hierarchy summary:
		                 Instances  Unique
		Modules:                18       3
		Registers:             103      43
		Scalar wires:            3       -
		Vectored wires:        171       -
		Always blocks:          17       2
		Initial blocks:          2       2
		Cont. assignments:      40       4
		Pseudo assignments:     86       -
		Simulation timescale:  1ps
	Writing initial simulation snapshot: worklib.systolic_array_4x4_tb:sv
	Parallel LWD Data Generation
	Generating Debug Data:
		LWD Database path: (/nethome/amojumdar6/systolic-array-fpga/sim/xcelium.d/worklib/systolic_array_4x4_tb/sv/debug_db/systolic_array_4x4_tb)
		Power Aware Instances:                    0
		Liberty Instances:                        0
		Out Of Module References:                 0
		Assertions:                               0
		Liberty Information:
			PG Pins:	                  0
			Liberty Pins:	                  0
xmsim: *W,NOMTDGUI: Multi-Threaded Dumping is disabled for interactive debug mode.

-------------------------------------
Relinquished control to Verisium Debug...
xcelium> 
xcelium> source /tools/software/cadence/xcelium/latest/tools/xcelium/files/xmsimrc
xcelium> # Waveform probes for systolic_array_4x4_tb
xcelium> 
xcelium> database -open waves -shm -default
Created default SHM database waves
xcelium> 
xcelium> probe -create -shm systolic_array_4x4_tb.clk
Created probe 1
xcelium> probe -create -shm systolic_array_4x4_tb.rst
Created probe 2
xcelium> probe -create -shm systolic_array_4x4_tb.clear
Created probe 3
xcelium> probe -create -shm systolic_array_4x4_tb.a_left
Created probe 4
xcelium> probe -create -shm systolic_array_4x4_tb.b_top
Created probe 5
xcelium> probe -create -shm systolic_array_4x4_tb.c_out
Created probe 6
xcelium> probe -create -shm systolic_array_4x4_tb.dut.a_h
Created probe 7
xcelium> probe -create -shm systolic_array_4x4_tb.dut.b_v
Created probe 8
xcelium> probe -create -shm systolic_array_4x4_tb.dut.pe_acc
Created probe 9
xcelium> 
xcelium> ida_probe -wave -wave_probe_args {systolic_array_4x4_tb systolic_array_4x4_tb.dut}
database -open ida.db/ida.shm 
Created SHM database ida.db/ida.shm

database -setdefault ida.db/ida.shm
ida.db/ida.shm is set as default SHM database

probe systolic_array_4x4_tb systolic_array_4x4_tb.dut -emptyok
Created probe 10

xcelium> 
xcelium> puts "probes_array.tcl: array boundary and mesh probed into waves.shm"
probes_array.tcl: array boundary and mesh probed into waves.shm
xcelium> 
xcelium> 
xcelium> run
identity IxI: C matrix PASS
small 4x4: C matrix PASS
systolic_array_4x4_tb: ALL TESTS PASSED
Simulation complete via $finish(1) at time 305001 PS + 0
../tb/systolic_array_4x4_tb.sv:227         $finish;
xcelium> run
xmsim: *E,RNFNSH: Cannot continue simulation due to a previous $finish.
xcelium> exit
TOOL:	xrun(64)	25.03-s003: Exiting on Jun 18, 2026 at 10:30:21 EDT  (total: 00:02:01)
