xrun(64): 25.03-s003: (c) Copyright 1995-2025 Cadence Design Systems, Inc.
TOOL:	xrun(64)	25.03-s003: Started on Jun 18, 2026 at 11:52:42 EDT
xrun
	-64bit
	-sv
	-f filelist_uart_rx.f
		-timescale 1ns/1ps
		../rtl/uart_rx.sv
		../tb/uart_rx_tb.sv
	-top uart_rx_tb
	-access +rwc
	-timescale 1ns/1ps
	-l /nethome/amojumdar6/systolic-array-fpga/sim/results/logs/uart_rx_tb.log
xrun: *W,WKWTLK: Waiting for a Exclusive lock on file '/nethome/amojumdar6/systolic-array-fpga/sim/xcelium.d/run.lnx8664.25.03.d/.xmlib.lock'. pid:3142255.

Additional info:
TOOL:	xrun(64)	25.03-s003 (CL: 779937 ), ece-rschsrv.ece.gatech.edu, Linux 4.18.0-553.124.1.el8_10.x86_64 #1 SMP Mon May 11 07:30:18 EDT 2026 x86_64
file: ../rtl/uart_rx.sv
	module worklib.uart_rx:sv
		errors: 0, warnings: 0
file: ../tb/uart_rx_tb.sv
	module worklib.uart_rx_tb:sv
		errors: 0, warnings: 0
	Elaborating the design hierarchy:
		Caching library 'worklib' ....... Done
	Top level design units:
		uart_rx_tb
	Building instance overlay tables: .................... Done
	Generating native compiled code:
		worklib.uart_rx:sv <0x05f1cf87>
			streams:  11, words:  5360
		worklib.uart_rx_tb:sv <0x7abd3950>
			streams:  12, words: 15052
	Building instance specific data structures.
	Loading native compiled code:     .................... Done
	Design hierarchy summary:
		                 Instances  Unique
		Modules:                 2       2
		Registers:              20      20
		Scalar wires:            5       -
		Vectored wires:          2       -
		Always blocks:           3       3
		Initial blocks:          2       2
		Parallel blocks:         1       1
		Pseudo assignments:      5       -
		Process Clocks:          2       1
		Simulation timescale:  1ps
	Writing initial simulation snapshot: worklib.uart_rx_tb:sv
Loading snapshot worklib.uart_rx_tb:sv .................... Done
xcelium> source /tools/software/cadence/xcelium/latest/tools/xcelium/files/xmsimrc
xcelium> run
0x55: PASS (8'h55)
0xA3: PASS (8'ha3)
0x00: PASS (8'h00)
0xFF: PASS (8'hff)
uart_rx_tb: ALL TESTS PASSED
Simulation complete via $finish(1) at time 355985 NS + 0
../tb/uart_rx_tb.sv:94         $finish;
xcelium> exit
TOOL:	xrun(64)	25.03-s003: Exiting on Jun 18, 2026 at 11:52:55 EDT  (total: 00:00:13)
