xrun(64): 25.03-s003: (c) Copyright 1995-2025 Cadence Design Systems, Inc.
TOOL:	xrun(64)	25.03-s003: Started on Jun 18, 2026 at 12:10:00 EDT
xrun
	-64bit
	-sv
	-f filelist_uart_tx.f
		-timescale 1ns/1ps
		../rtl/uart_tx.sv
		../tb/uart_tx_tb.sv
	-top uart_tx_tb
	-access +rwc
	-timescale 1ns/1ps
	-l /nethome/amojumdar6/systolic-array-fpga/sim/results/logs/uart_tx_tb.log
Recompiling... reason: file '../tb/uart_tx_tb.sv' is newer than expected.
	expected: Thu Jun 18 12:07:52 2026
	actual:   Thu Jun 18 12:09:27 2026
file: ../tb/uart_tx_tb.sv
        #1step;
             |
xmvlog: *W,SAWSTP (../tb/uart_tx_tb.sv,40|13): Time unit "step" seen in literal - using local precision.
	module worklib.uart_tx_tb:sv
		errors: 0, warnings: 1
	Elaborating the design hierarchy:
		Caching library 'worklib' ....... Done
	Top level design units:
		uart_tx_tb
	Building instance overlay tables: .................... Done
	Generating native compiled code:
		worklib.uart_tx_tb:sv <0x4f079163>
			streams:  14, words: 17379
	Building instance specific data structures.
	Loading native compiled code:     .................... Done
	Design hierarchy summary:
		                 Instances  Unique
		Modules:                 2       2
		Registers:              22      22
		Scalar wires:            7       -
		Vectored wires:          1       -
		Always blocks:           2       2
		Initial blocks:          2       2
		Parallel blocks:         1       1
		Pseudo assignments:      6       -
		Process Clocks:          1       1
		Simulation timescale:  1ps
	Writing initial simulation snapshot: worklib.uart_tx_tb:sv
Loading snapshot worklib.uart_tx_tb:sv .................... Done
xcelium> source /tools/software/cadence/xcelium/latest/tools/xcelium/files/xmsimrc
xcelium> run
0x55: PASS (8'h55)
0xA3: PASS (8'ha3)
0x00: PASS (8'h00)
0xFF: PASS (8'hff)
uart_tx_tb: ALL TESTS PASSED
Simulation complete via $finish(1) at time 356065 NS + 0
../tb/uart_tx_tb.sv:121         $finish;
xcelium> exit
TOOL:	xrun(64)	25.03-s003: Exiting on Jun 18, 2026 at 12:10:01 EDT  (total: 00:00:01)
