karaf: PID is: 405747 (this is karaf's PID. for verisium debug PID cat verisium_debug.pid in the logs directory)
Picked up _JAVA_OPTIONS:  -XX:+ExitOnOutOfMemoryError -XX:OnOutOfMemoryError="touch /nethome/amojumdar6/systolic-array-fpga/sim/verisium_debug_logs/out_of_memory_error" 
CompileCommand: exclude javax/swing/text/GlyphView.getBreakSpot
WARNING: package com.sun.java.swing.plaf.windows not in java.desktop
WARNING: sun.reflect.Reflection.getCallerClass is not supported. This will impact performance.
Loading libdac.so from /tools/software/cadence/verisiumdbg/26.05.081/tools/lib/64bit/libdac.so

Dump Strap Design DB Order:

End of dump Strap Design DB Order




in 'SimConnect::_simcontrolConnect' overlay db = null, overlayH = 0, is valid = false, operation = dapOpen, duFilename = null, isLiveSim = true
in 'JDACTBDataProvider::notifyLiveConnectionDB', sessionId = 0


**** found lwd dir to be: /nethome/amojumdar6/systolic-array-fpga/sim/xcelium.d/worklib/systolic_array_4x4_tb/sv



**** found cdslib to be: /nethome/amojumdar6/systolic-array-fpga/sim/xcelium.d/run.d/cds.lib

in 'JDACTBDataProvider::notifyLiveConnectionDB', 'dbH' represents 'simulator' db.
PPEAttributes values:
    isAutofetch = false
    isPersistentSources = false
    isXprop = false
    cdslib = /nethome/amojumdar6/systolic-array-fpga/sim/xcelium.d/run.d/cds.lib
    snapshot = worklib.systolic_array_4x4_tb:sv
    workdir = /nethome/amojumdar6/systolic-array-fpga/sim
    xceliumDir = /nethome/amojumdar6/systolic-array-fpga/sim/xcelium.d
    rundDir = /nethome/amojumdar6/systolic-array-fpga/sim/xcelium.d/run.d
    bits = 64
    cds_implicit_tmpdir = 
    cds_alternate_tmpdir = 
    du_agent = 
    lwddir = /nethome/amojumdar6/systolic-array-fpga/sim/xcelium.d/worklib/systolic_array_4x4_tb/sv
    cds_alternate_cdslib = 
    elab_options = 
    found = true
    nclsRun = false
    includeCdslib = true
    nclsOpts =  -snapshot -cdslib /nethome/amojumdar6/systolic-array-fpga/sim/xcelium.d/run.d/cds.lib -64
    isMceMode = false
    isMceInvolved = false
    mceLshmDbPath = 
    lowPowerInformationAvailable = false
    hasLshmFile = false
    workdirIsDirectory = true
    hasOverlayRelatedInformation = true
    cds_implicit_tmplib = 
    cds_other_implicit_tmplibs = 


Dump Strap Design DB Order:

Strap design: simulator, designH = 8
No associated duAgent/IPPE process with this Strap design.

End of dump Strap Design DB Order


in 'JDACTBDataProvider::openDBInner', dbPath = /nethome/amojumdar6/systolic-array-fpga/sim/ida.db/ida.shm, getExplicitLwdFlag() = null


**** found lwd dir to be: /nethome/amojumdar6/systolic-array-fpga/sim/xcelium.d/worklib/systolic_array_4x4_tb/sv



**** found cdslib to be: /nethome/amojumdar6/systolic-array-fpga/sim/xcelium.d/run.d/cds.lib

in 'SimConnect::loadSnapshotHelper', database handle 'ida' is already associated with the design. skipping process creation.

Dump Strap Design DB Order:

Strap design: simulator, designH = 8
 --> ida, dbH = 29, db_kind = SST2, path = /nethome/amojumdar6/systolic-array-fpga/sim/ida.db/ida.shm/ida.dsn, typeH = 4, session_id = 'ece-linlabsrv01|x86_64|404528|1781792928|0'
No associated duAgent/IPPE process with this Strap design.

End of dump Strap Design DB Order


in 'JDACTBDataProvider::openDBInner', dbPath = /nethome/amojumdar6/systolic-array-fpga/sim/waves.shm, getExplicitLwdFlag() = null


**** found lwd dir to be: /nethome/amojumdar6/systolic-array-fpga/sim/xcelium.d/worklib/systolic_array_4x4_tb/sv



**** found cdslib to be: /nethome/amojumdar6/systolic-array-fpga/sim/xcelium.d/run.d/cds.lib

in 'SimConnect::loadSnapshotHelper', database handle 'waves' is already associated with the design. skipping process creation.

Dump Strap Design DB Order:

Strap design: simulator, designH = 8
 --> ida, dbH = 29, db_kind = SST2, path = /nethome/amojumdar6/systolic-array-fpga/sim/ida.db/ida.shm/ida.dsn, typeH = 4, session_id = 'ece-linlabsrv01|x86_64|404528|1781792928|0'
 --> waves, dbH = 30, db_kind = SST2, path = /nethome/amojumdar6/systolic-array-fpga/sim/waves.shm/waves.dsn, typeH = 4, session_id = 'ece-linlabsrv01|x86_64|404528|1781792928|0'
No associated duAgent/IPPE process with this Strap design.

End of dump Strap Design DB Order




in 'JDACTBDataProvider::openDBInner', dbPath = /nethome/amojumdar6/systolic-array-fpga/sim/waves.shm, getExplicitLwdFlag() = null

Dump Strap Design DB Order:

Strap design: simulator, designH = 8
 --> ida, dbH = 29, db_kind = SST2, path = /nethome/amojumdar6/systolic-array-fpga/sim/ida.db/ida.shm/ida.dsn, typeH = 4, session_id = 'ece-linlabsrv01|x86_64|404528|1781792928|0'
 --> waves, dbH = 30, db_kind = SST2, path = /nethome/amojumdar6/systolic-array-fpga/sim/waves.shm/waves.dsn, typeH = 4, session_id = 'ece-linlabsrv01|x86_64|404528|1781792928|0'
No associated duAgent/IPPE process with this Strap design.

End of dump Strap Design DB Order


in 'JDACTBDataProvider::openDBInner', dbPath = /nethome/amojumdar6/systolic-array-fpga/sim/ida.db/ida.shm, getExplicitLwdFlag() = null

Dump Strap Design DB Order:

Strap design: simulator, designH = 8
 --> ida, dbH = 29, db_kind = SST2, path = /nethome/amojumdar6/systolic-array-fpga/sim/ida.db/ida.shm/ida.dsn, typeH = 4, session_id = 'ece-linlabsrv01|x86_64|404528|1781792928|0'
 --> waves, dbH = 30, db_kind = SST2, path = /nethome/amojumdar6/systolic-array-fpga/sim/waves.shm/waves.dsn, typeH = 4, session_id = 'ece-linlabsrv01|x86_64|404528|1781792928|0'
No associated duAgent/IPPE process with this Strap design.

End of dump Strap Design DB Order


in 'JDACTBDataProvider::openDBInner', dbPath = ida.db/ida.shm, getExplicitLwdFlag() = null

Dump Strap Design DB Order:

Strap design: simulator, designH = 8
 --> ida, dbH = 29, db_kind = SST2, path = /nethome/amojumdar6/systolic-array-fpga/sim/ida.db/ida.shm/ida.dsn, typeH = 4, session_id = 'ece-linlabsrv01|x86_64|404528|1781792928|0'
 --> waves, dbH = 30, db_kind = SST2, path = /nethome/amojumdar6/systolic-array-fpga/sim/waves.shm/waves.dsn, typeH = 4, session_id = 'ece-linlabsrv01|x86_64|404528|1781792928|0'
No associated duAgent/IPPE process with this Strap design.

End of dump Strap Design DB Order


GOT COMMAND: 



**** found lwd dir to be: /nethome/amojumdar6/systolic-array-fpga/sim/xcelium.d/worklib/systolic_array_4x4_tb/sv



**** found cdslib to be: /nethome/amojumdar6/systolic-array-fpga/sim/xcelium.d/run.d/cds.lib



**** found lwd dir to be: /nethome/amojumdar6/systolic-array-fpga/sim/xcelium.d/worklib/systolic_array_4x4_tb/sv



**** found cdslib to be: /nethome/amojumdar6/systolic-array-fpga/sim/xcelium.d/run.d/cds.lib



**** found lwd dir to be: /nethome/amojumdar6/systolic-array-fpga/sim/xcelium.d/worklib/systolic_array_4x4_tb/sv



**** found cdslib to be: /nethome/amojumdar6/systolic-array-fpga/sim/xcelium.d/run.d/cds.lib



**** found lwd dir to be: /nethome/amojumdar6/systolic-array-fpga/sim/xcelium.d/worklib/systolic_array_4x4_tb/sv



**** found cdslib to be: /nethome/amojumdar6/systolic-array-fpga/sim/xcelium.d/run.d/cds.lib



**** found lwd dir to be: /nethome/amojumdar6/systolic-array-fpga/sim/xcelium.d/worklib/systolic_array_4x4_tb/sv



**** found cdslib to be: /nethome/amojumdar6/systolic-array-fpga/sim/xcelium.d/run.d/cds.lib



**** found lwd dir to be: /nethome/amojumdar6/systolic-array-fpga/sim/xcelium.d/worklib/systolic_array_4x4_tb/sv



**** found cdslib to be: /nethome/amojumdar6/systolic-array-fpga/sim/xcelium.d/run.d/cds.lib



**** found lwd dir to be: /nethome/amojumdar6/systolic-array-fpga/sim/xcelium.d/worklib/systolic_array_4x4_tb/sv



**** found cdslib to be: /nethome/amojumdar6/systolic-array-fpga/sim/xcelium.d/run.d/cds.lib



**** found lwd dir to be: /nethome/amojumdar6/systolic-array-fpga/sim/xcelium.d/worklib/systolic_array_4x4_tb/sv



**** found cdslib to be: /nethome/amojumdar6/systolic-array-fpga/sim/xcelium.d/run.d/cds.lib



Scripting Service started, listening on port 46355...


*** shutting down gRPC server since JVM is shutting down
*** server shut down
